<?xml version="1.0" encoding="UTF-8"?>
<testsuites name="Item detail test" time="963.526" tests="23" failures="1" errors="0">
   <testsuite name="Item detail test" tests="23" failures="1" errors="0" time="963.526" timestamp="2020-12-18 17:58:24" hostname="Lexoter - DESKTOP-IJBB9BE" id="Test Suites/Item detail test">
      <properties>
         <property name="deviceName" value=""/>
         <property name="devicePlatform" value=""/>
         <property name="logFolder" value="K:\\Work\\GitHub\\find-procurement-test\\find-procurement-test\\Reports\\20201218_175812\\Item detail test\\20201218_175812"/>
         <property name="logFiles" value="K:\\Work\\GitHub\\find-procurement-test\\find-procurement-test\\Reports\\20201218_175812\\Item detail test\\20201218_175812\\execution0.log"/>
         <property name="attachments" value="K:\\Work\\GitHub\\find-procurement-test\\find-procurement-test\\Reports\\20201218_175812\\Item detail test\\20201218_175812\\1608286088112.png, K:\\Work\\GitHub\\find-procurement-test\\find-procurement-test\\Reports\\20201218_175812\\Item detail test\\20201218_175812\\1608286088443.png"/>
         <property name="hostName" value="Lexoter - DESKTOP-IJBB9BE"/>
         <property name="os" value="Windows 10 64bit"/>
         <property name="katalonVersion" value="7.7.0.205"/>
         <property name="browser" value="Chrome 87.0.4280.88"/>
         <property name="hostAddress" value="192.168.56.1"/>
         <property name="sessionId" value="a31857a45aa1eff18ee7f4a45ab0c07d"/>
         <property name="seleniumVersion" value="3.141.59"/>
         <property name="proxyInformation" value="ProxyInformation { proxyOption=NO_PROXY, proxyServerType=HTTP, username=, password=********, proxyServerAddress=, proxyServerPort=0, executionList=&quot;&quot;, isApplyToDesiredCapabilities=true }"/>
         <property name="platform" value="Windows 10"/>
      </properties>
      <testcase name="Test Cases/Custom Procurement Details/TEST CASE/TC_DETAILS_UI_001" time="37.899" classname="Test Cases/Custom Procurement Details/TEST CASE/TC_DETAILS_UI_001" status="PASSED">
         <system-out><![CDATA[2020-12-18 17:58:24 - [TEST_CASE][PASSED] - Test Cases/Custom Procurement Details/TEST CASE/TC_DETAILS_UI_001: Test Cases/Custom Procurement Details/TEST CASE/TC_DETAILS_UI_001

2020-12-18 17:58:24 - [TEST_STEP][PASSED] - callTestCase(findTestCase("Custom Procurement Details/UTILITIES/OPEN_BROWSER"), [:], STOP_ON_FAILURE): Call Test Case 'Test Cases/Custom Procurement Details/UTILITIES/OPEN_BROWSER' successfully

2020-12-18 17:58:24 - [TEST_CASE][PASSED] - Test Cases/Custom Procurement Details/UTILITIES/OPEN_BROWSER: Test Cases/Custom Procurement Details/UTILITIES/OPEN_BROWSER

2020-12-18 17:58:25 - [TEST_STEP][PASSED] - openBrowser("https://gdasandbox.test-arcadier.com/buyer-signin"): Browser is opened with url: 'https://gdasandbox.test-arcadier.com/buyer-signin'

2020-12-18 17:58:25 - [MESSAGE][INFO] - Starting 'Chrome' driver

2020-12-18 17:58:25 - [MESSAGE][INFO] - Action delay is set to 0 milliseconds

2020-12-18 17:58:36 - [MESSAGE][PASSED] - Browser is opened with url: 'https://gdasandbox.test-arcadier.com/buyer-signin'

2020-12-18 17:58:36 - [TEST_STEP][PASSED] - maximizeWindow(): Current window maximized

2020-12-18 17:58:38 - [MESSAGE][PASSED] - Current window maximized

2020-12-18 17:58:38 - [TEST_STEP][PASSED] - callTestCase(findTestCase("Custom Procurement Details/UTILITIES/LOGIN"), [:], STOP_ON_FAILURE): Call Test Case 'Test Cases/Custom Procurement Details/UTILITIES/LOGIN' successfully

2020-12-18 17:58:38 - [TEST_CASE][PASSED] - Test Cases/Custom Procurement Details/UTILITIES/LOGIN: Test Cases/Custom Procurement Details/UTILITIES/LOGIN

2020-12-18 17:58:38 - [TEST_STEP][PASSED] - waitForElementPresent(findTestObject("Login/Page_diagnostics/a_Sign_in_as_Buyer"), 0): Object 'Object Repository/Login/Page_diagnostics/a_Sign_in_as_Buyer' is present

2020-12-18 17:58:38 - [MESSAGE][WARNING] - Timeout '0' is invalid. Using default page load timeout: '30'

2020-12-18 17:58:39 - [MESSAGE][PASSED] - Object 'Object Repository/Login/Page_diagnostics/a_Sign_in_as_Buyer' is present

2020-12-18 17:58:39 - [TEST_STEP][PASSED] - click(findTestObject("Login/Page_diagnostics/a_Sign_in_as_Buyer")): Object: 'Object Repository/Login/Page_diagnostics/a_Sign_in_as_Buyer' is clicked on

2020-12-18 17:58:39 - [MESSAGE][PASSED] - Object: 'Object Repository/Login/Page_diagnostics/a_Sign_in_as_Buyer' is clicked on

2020-12-18 17:58:39 - [TEST_STEP][PASSED] - waitForElementPresent(findTestObject("Login/Page_diagnostics/input_Username"), 0): Object 'Object Repository/Login/Page_diagnostics/input_Username' is present

2020-12-18 17:58:40 - [MESSAGE][WARNING] - Timeout '0' is invalid. Using default page load timeout: '30'

2020-12-18 17:58:40 - [MESSAGE][PASSED] - Object 'Object Repository/Login/Page_diagnostics/input_Username' is present

2020-12-18 17:58:40 - [TEST_STEP][PASSED] - setText(findTestObject("Login/Page_diagnostics/input_Username"), "admin"): Text 'admin' is set on object 'Object Repository/Login/Page_diagnostics/input_Username'

2020-12-18 17:58:41 - [MESSAGE][PASSED] - Text 'admin' is set on object 'Object Repository/Login/Page_diagnostics/input_Username'

2020-12-18 17:58:41 - [TEST_STEP][PASSED] - waitForElementPresent(findTestObject("Login/Page_diagnostics/input_Password"), 0): Object 'Object Repository/Login/Page_diagnostics/input_Password' is present

2020-12-18 17:58:41 - [MESSAGE][WARNING] - Timeout '0' is invalid. Using default page load timeout: '30'

2020-12-18 17:58:41 - [MESSAGE][PASSED] - Object 'Object Repository/Login/Page_diagnostics/input_Password' is present

2020-12-18 17:58:41 - [TEST_STEP][PASSED] - setText(findTestObject("Login/Page_diagnostics/input_Password"), "Diagnostics123!"): Text 'Diagnostics123!' is set on object 'Object Repository/Login/Page_diagnostics/input_Password'

2020-12-18 17:58:41 - [MESSAGE][PASSED] - Text 'Diagnostics123!' is set on object 'Object Repository/Login/Page_diagnostics/input_Password'

2020-12-18 17:58:41 - [TEST_STEP][PASSED] - waitForElementPresent(findTestObject("Login/Page_diagnostics/input_Submit"), 0): Object 'Object Repository/Login/Page_diagnostics/input_Submit' is present

2020-12-18 17:58:42 - [MESSAGE][WARNING] - Timeout '0' is invalid. Using default page load timeout: '30'

2020-12-18 17:58:42 - [MESSAGE][PASSED] - Object 'Object Repository/Login/Page_diagnostics/input_Submit' is present

2020-12-18 17:58:42 - [TEST_STEP][PASSED] - click(findTestObject("Login/Page_diagnostics/input_Submit")): Object: 'Object Repository/Login/Page_diagnostics/input_Submit' is clicked on

2020-12-18 17:58:48 - [MESSAGE][PASSED] - Object: 'Object Repository/Login/Page_diagnostics/input_Submit' is clicked on

2020-12-18 17:58:48 - [MESSAGE][PASSED] - Call Test Case 'Test Cases/Custom Procurement Details/UTILITIES/LOGIN' successfully

2020-12-18 17:58:48 - [TEST_STEP][PASSED] - navigateToUrl("https://gdasandbox.test-arcadier.com/user/item/detail/gdaagencyfind/59fde34e-4dcb-44b5-bdcd-2bde962c0cb5"): Navigate to 'https://gdasandbox.test-arcadier.com/user/item/detail/gdaagencyfind/59fde34e-4dcb-44b5-bdcd-2bde962c0cb5' successfully

2020-12-18 17:58:50 - [MESSAGE][PASSED] - Navigate to 'https://gdasandbox.test-arcadier.com/user/item/detail/gdaagencyfind/59fde34e-4dcb-44b5-bdcd-2bde962c0cb5' successfully

2020-12-18 17:58:50 - [MESSAGE][PASSED] - Call Test Case 'Test Cases/Custom Procurement Details/UTILITIES/OPEN_BROWSER' successfully

2020-12-18 17:58:50 - [TEST_STEP][PASSED] - callTestCase(findTestCase("Custom Procurement Details/UTILITIES/PROCURE_PAGE"), [:], STOP_ON_FAILURE): Call Test Case 'Test Cases/Custom Procurement Details/UTILITIES/PROCURE_PAGE' successfully

2020-12-18 17:58:50 - [TEST_CASE][PASSED] - Test Cases/Custom Procurement Details/UTILITIES/PROCURE_PAGE: Test Cases/Custom Procurement Details/UTILITIES/PROCURE_PAGE

2020-12-18 17:58:50 - [TEST_STEP][PASSED] - click(findTestObject("Item Details/Page_diagnostics/a_PROCURE_DIRECTLY_FROM_SELLER")): Object: 'Object Repository/Item Details/Page_diagnostics/a_PROCURE_DIRECTLY_FROM_SELLER' is clicked on

2020-12-18 17:58:54 - [MESSAGE][PASSED] - Object: 'Object Repository/Item Details/Page_diagnostics/a_PROCURE_DIRECTLY_FROM_SELLER' is clicked on

2020-12-18 17:58:54 - [MESSAGE][PASSED] - Call Test Case 'Test Cases/Custom Procurement Details/UTILITIES/PROCURE_PAGE' successfully

2020-12-18 17:58:54 - [TEST_STEP][PASSED] - callTestCase(findTestCase("Custom Procurement Details/UTILITIES/CART_PAGE"), [:], STOP_ON_FAILURE): Call Test Case 'Test Cases/Custom Procurement Details/UTILITIES/CART_PAGE' successfully

2020-12-18 17:58:54 - [TEST_CASE][PASSED] - Test Cases/Custom Procurement Details/UTILITIES/CART_PAGE: Test Cases/Custom Procurement Details/UTILITIES/CART_PAGE

2020-12-18 17:58:54 - [TEST_STEP][PASSED] - navigateToUrl("https://gdasandbox.test-arcadier.com/user/order/cart"): Navigate to 'https://gdasandbox.test-arcadier.com/user/order/cart' successfully

2020-12-18 17:58:56 - [MESSAGE][PASSED] - Navigate to 'https://gdasandbox.test-arcadier.com/user/order/cart' successfully

2020-12-18 17:58:56 - [TEST_STEP][PASSED] - click(findTestObject("Checkout Page/Page_diagnostics/a_CHECKOUT")): Object: 'Object Repository/Checkout Page/Page_diagnostics/a_CHECKOUT' is clicked on

2020-12-18 17:58:59 - [MESSAGE][PASSED] - Object: 'Object Repository/Checkout Page/Page_diagnostics/a_CHECKOUT' is clicked on

2020-12-18 17:58:59 - [MESSAGE][PASSED] - Call Test Case 'Test Cases/Custom Procurement Details/UTILITIES/CART_PAGE' successfully

2020-12-18 17:58:59 - [TEST_STEP][PASSED] - verifyElementPresent(findTestObject("Procurement Active1/Page_diagnostics/span_SHIPPING"), 0): Object 'Object Repository/Procurement Active1/Page_diagnostics/span_SHIPPING' is present

2020-12-18 17:58:59 - [MESSAGE][WARNING] - Timeout '0' is invalid. Using default page load timeout: '30'

2020-12-18 17:59:01 - [MESSAGE][PASSED] - Object 'Object Repository/Procurement Active1/Page_diagnostics/span_SHIPPING' is present

2020-12-18 17:59:01 - [TEST_STEP][PASSED] - callTestCase(findTestCase("Custom Procurement Details/UTILITIES/CLOSE_BROWSER"), [:], STOP_ON_FAILURE): Call Test Case 'Test Cases/Custom Procurement Details/UTILITIES/CLOSE_BROWSER' successfully

2020-12-18 17:59:01 - [TEST_CASE][PASSED] - Test Cases/Custom Procurement Details/UTILITIES/CLOSE_BROWSER: Test Cases/Custom Procurement Details/UTILITIES/CLOSE_BROWSER

2020-12-18 17:59:01 - [TEST_STEP][PASSED] - closeBrowser(): Browser is closed

2020-12-18 17:59:02 - [MESSAGE][PASSED] - Browser is closed

2020-12-18 17:59:02 - [MESSAGE][PASSED] - Call Test Case 'Test Cases/Custom Procurement Details/UTILITIES/CLOSE_BROWSER' successfully]]></system-out>
         <system-err><![CDATA[]]></system-err>
      </testcase>
      <testcase name="Test Cases/Custom Procurement Details/TEST CASE/TC_DETAILS_UI_002" time="47.493" classname="Test Cases/Custom Procurement Details/TEST CASE/TC_DETAILS_UI_002" status="PASSED">
         <system-out><![CDATA[2020-12-18 17:59:02 - [TEST_CASE][PASSED] - Test Cases/Custom Procurement Details/TEST CASE/TC_DETAILS_UI_002: Test Cases/Custom Procurement Details/TEST CASE/TC_DETAILS_UI_002

2020-12-18 17:59:02 - [TEST_STEP][PASSED] - callTestCase(findTestCase("Custom Procurement Details/UTILITIES/OPEN_BROWSER"), [:], STOP_ON_FAILURE): Call Test Case 'Test Cases/Custom Procurement Details/UTILITIES/OPEN_BROWSER' successfully

2020-12-18 17:59:02 - [TEST_CASE][PASSED] - Test Cases/Custom Procurement Details/UTILITIES/OPEN_BROWSER: Test Cases/Custom Procurement Details/UTILITIES/OPEN_BROWSER

2020-12-18 17:59:02 - [TEST_STEP][PASSED] - openBrowser("https://gdasandbox.test-arcadier.com/buyer-signin"): Browser is opened with url: 'https://gdasandbox.test-arcadier.com/buyer-signin'

2020-12-18 17:59:02 - [MESSAGE][INFO] - Starting 'Chrome' driver

2020-12-18 17:59:02 - [MESSAGE][INFO] - Action delay is set to 0 milliseconds

2020-12-18 17:59:14 - [MESSAGE][PASSED] - Browser is opened with url: 'https://gdasandbox.test-arcadier.com/buyer-signin'

2020-12-18 17:59:14 - [TEST_STEP][PASSED] - maximizeWindow(): Current window maximized

2020-12-18 17:59:16 - [MESSAGE][PASSED] - Current window maximized

2020-12-18 17:59:16 - [TEST_STEP][PASSED] - callTestCase(findTestCase("Custom Procurement Details/UTILITIES/LOGIN"), [:], STOP_ON_FAILURE): Call Test Case 'Test Cases/Custom Procurement Details/UTILITIES/LOGIN' successfully

2020-12-18 17:59:16 - [TEST_CASE][PASSED] - Test Cases/Custom Procurement Details/UTILITIES/LOGIN: Test Cases/Custom Procurement Details/UTILITIES/LOGIN

2020-12-18 17:59:16 - [TEST_STEP][PASSED] - waitForElementPresent(findTestObject("Login/Page_diagnostics/a_Sign_in_as_Buyer"), 0): Object 'Object Repository/Login/Page_diagnostics/a_Sign_in_as_Buyer' is present

2020-12-18 17:59:16 - [MESSAGE][WARNING] - Timeout '0' is invalid. Using default page load timeout: '30'

2020-12-18 17:59:17 - [MESSAGE][PASSED] - Object 'Object Repository/Login/Page_diagnostics/a_Sign_in_as_Buyer' is present

2020-12-18 17:59:17 - [TEST_STEP][PASSED] - click(findTestObject("Login/Page_diagnostics/a_Sign_in_as_Buyer")): Object: 'Object Repository/Login/Page_diagnostics/a_Sign_in_as_Buyer' is clicked on

2020-12-18 17:59:18 - [MESSAGE][PASSED] - Object: 'Object Repository/Login/Page_diagnostics/a_Sign_in_as_Buyer' is clicked on

2020-12-18 17:59:18 - [TEST_STEP][PASSED] - waitForElementPresent(findTestObject("Login/Page_diagnostics/input_Username"), 0): Object 'Object Repository/Login/Page_diagnostics/input_Username' is present

2020-12-18 17:59:18 - [MESSAGE][WARNING] - Timeout '0' is invalid. Using default page load timeout: '30'

2020-12-18 17:59:18 - [MESSAGE][PASSED] - Object 'Object Repository/Login/Page_diagnostics/input_Username' is present

2020-12-18 17:59:18 - [TEST_STEP][PASSED] - setText(findTestObject("Login/Page_diagnostics/input_Username"), "admin"): Text 'admin' is set on object 'Object Repository/Login/Page_diagnostics/input_Username'

2020-12-18 17:59:19 - [MESSAGE][PASSED] - Text 'admin' is set on object 'Object Repository/Login/Page_diagnostics/input_Username'

2020-12-18 17:59:19 - [TEST_STEP][PASSED] - waitForElementPresent(findTestObject("Login/Page_diagnostics/input_Password"), 0): Object 'Object Repository/Login/Page_diagnostics/input_Password' is present

2020-12-18 17:59:19 - [MESSAGE][WARNING] - Timeout '0' is invalid. Using default page load timeout: '30'

2020-12-18 17:59:19 - [MESSAGE][PASSED] - Object 'Object Repository/Login/Page_diagnostics/input_Password' is present

2020-12-18 17:59:19 - [TEST_STEP][PASSED] - setText(findTestObject("Login/Page_diagnostics/input_Password"), "Diagnostics123!"): Text 'Diagnostics123!' is set on object 'Object Repository/Login/Page_diagnostics/input_Password'

2020-12-18 17:59:20 - [MESSAGE][PASSED] - Text 'Diagnostics123!' is set on object 'Object Repository/Login/Page_diagnostics/input_Password'

2020-12-18 17:59:20 - [TEST_STEP][PASSED] - waitForElementPresent(findTestObject("Login/Page_diagnostics/input_Submit"), 0): Object 'Object Repository/Login/Page_diagnostics/input_Submit' is present

2020-12-18 17:59:20 - [MESSAGE][WARNING] - Timeout '0' is invalid. Using default page load timeout: '30'

2020-12-18 17:59:20 - [MESSAGE][PASSED] - Object 'Object Repository/Login/Page_diagnostics/input_Submit' is present

2020-12-18 17:59:20 - [TEST_STEP][PASSED] - click(findTestObject("Login/Page_diagnostics/input_Submit")): Object: 'Object Repository/Login/Page_diagnostics/input_Submit' is clicked on

2020-12-18 17:59:33 - [MESSAGE][PASSED] - Object: 'Object Repository/Login/Page_diagnostics/input_Submit' is clicked on

2020-12-18 17:59:33 - [MESSAGE][PASSED] - Call Test Case 'Test Cases/Custom Procurement Details/UTILITIES/LOGIN' successfully

2020-12-18 17:59:33 - [TEST_STEP][PASSED] - navigateToUrl("https://gdasandbox.test-arcadier.com/user/item/detail/gdaagencyfind/59fde34e-4dcb-44b5-bdcd-2bde962c0cb5"): Navigate to 'https://gdasandbox.test-arcadier.com/user/item/detail/gdaagencyfind/59fde34e-4dcb-44b5-bdcd-2bde962c0cb5' successfully

2020-12-18 17:59:36 - [MESSAGE][PASSED] - Navigate to 'https://gdasandbox.test-arcadier.com/user/item/detail/gdaagencyfind/59fde34e-4dcb-44b5-bdcd-2bde962c0cb5' successfully

2020-12-18 17:59:36 - [MESSAGE][PASSED] - Call Test Case 'Test Cases/Custom Procurement Details/UTILITIES/OPEN_BROWSER' successfully

2020-12-18 17:59:36 - [TEST_STEP][PASSED] - callTestCase(findTestCase("Custom Procurement Details/UTILITIES/PROCURE_PAGE"), [:], STOP_ON_FAILURE): Call Test Case 'Test Cases/Custom Procurement Details/UTILITIES/PROCURE_PAGE' successfully

2020-12-18 17:59:36 - [TEST_CASE][PASSED] - Test Cases/Custom Procurement Details/UTILITIES/PROCURE_PAGE: Test Cases/Custom Procurement Details/UTILITIES/PROCURE_PAGE

2020-12-18 17:59:36 - [TEST_STEP][PASSED] - click(findTestObject("Item Details/Page_diagnostics/a_PROCURE_DIRECTLY_FROM_SELLER")): Object: 'Object Repository/Item Details/Page_diagnostics/a_PROCURE_DIRECTLY_FROM_SELLER' is clicked on

2020-12-18 17:59:41 - [MESSAGE][PASSED] - Object: 'Object Repository/Item Details/Page_diagnostics/a_PROCURE_DIRECTLY_FROM_SELLER' is clicked on

2020-12-18 17:59:41 - [MESSAGE][PASSED] - Call Test Case 'Test Cases/Custom Procurement Details/UTILITIES/PROCURE_PAGE' successfully

2020-12-18 17:59:41 - [TEST_STEP][PASSED] - callTestCase(findTestCase("Custom Procurement Details/UTILITIES/CART_PAGE"), [:], STOP_ON_FAILURE): Call Test Case 'Test Cases/Custom Procurement Details/UTILITIES/CART_PAGE' successfully

2020-12-18 17:59:41 - [TEST_CASE][PASSED] - Test Cases/Custom Procurement Details/UTILITIES/CART_PAGE: Test Cases/Custom Procurement Details/UTILITIES/CART_PAGE

2020-12-18 17:59:41 - [TEST_STEP][PASSED] - navigateToUrl("https://gdasandbox.test-arcadier.com/user/order/cart"): Navigate to 'https://gdasandbox.test-arcadier.com/user/order/cart' successfully

2020-12-18 17:59:42 - [MESSAGE][PASSED] - Navigate to 'https://gdasandbox.test-arcadier.com/user/order/cart' successfully

2020-12-18 17:59:42 - [TEST_STEP][PASSED] - click(findTestObject("Checkout Page/Page_diagnostics/a_CHECKOUT")): Object: 'Object Repository/Checkout Page/Page_diagnostics/a_CHECKOUT' is clicked on

2020-12-18 17:59:47 - [MESSAGE][PASSED] - Object: 'Object Repository/Checkout Page/Page_diagnostics/a_CHECKOUT' is clicked on

2020-12-18 17:59:47 - [MESSAGE][PASSED] - Call Test Case 'Test Cases/Custom Procurement Details/UTILITIES/CART_PAGE' successfully

2020-12-18 17:59:47 - [TEST_STEP][PASSED] - verifyElementPresent(findTestObject("Procurement Active1/Page_diagnostics/div_Active1"), 0): Object 'Object Repository/Procurement Active1/Page_diagnostics/div_Active1' is present

2020-12-18 17:59:47 - [MESSAGE][WARNING] - Timeout '0' is invalid. Using default page load timeout: '30'

2020-12-18 17:59:49 - [MESSAGE][PASSED] - Object 'Object Repository/Procurement Active1/Page_diagnostics/div_Active1' is present

2020-12-18 17:59:49 - [TEST_STEP][PASSED] - callTestCase(findTestCase("Custom Procurement Details/UTILITIES/CLOSE_BROWSER"), [:], STOP_ON_FAILURE): Call Test Case 'Test Cases/Custom Procurement Details/UTILITIES/CLOSE_BROWSER' successfully

2020-12-18 17:59:49 - [TEST_CASE][PASSED] - Test Cases/Custom Procurement Details/UTILITIES/CLOSE_BROWSER: Test Cases/Custom Procurement Details/UTILITIES/CLOSE_BROWSER

2020-12-18 17:59:49 - [TEST_STEP][PASSED] - closeBrowser(): Browser is closed

2020-12-18 17:59:49 - [MESSAGE][PASSED] - Browser is closed

2020-12-18 17:59:49 - [MESSAGE][PASSED] - Call Test Case 'Test Cases/Custom Procurement Details/UTILITIES/CLOSE_BROWSER' successfully]]></system-out>
         <system-err><![CDATA[]]></system-err>
      </testcase>
      <testcase name="Test Cases/Custom Procurement Details/TEST CASE/TC_DETAILS_UI_003" time="37.054" classname="Test Cases/Custom Procurement Details/TEST CASE/TC_DETAILS_UI_003" status="PASSED">
         <system-out><![CDATA[2020-12-18 17:59:49 - [TEST_CASE][PASSED] - Test Cases/Custom Procurement Details/TEST CASE/TC_DETAILS_UI_003: Test Cases/Custom Procurement Details/TEST CASE/TC_DETAILS_UI_003

2020-12-18 17:59:50 - [TEST_STEP][PASSED] - callTestCase(findTestCase("Custom Procurement Details/UTILITIES/OPEN_BROWSER"), [:], STOP_ON_FAILURE): Call Test Case 'Test Cases/Custom Procurement Details/UTILITIES/OPEN_BROWSER' successfully

2020-12-18 17:59:50 - [TEST_CASE][PASSED] - Test Cases/Custom Procurement Details/UTILITIES/OPEN_BROWSER: Test Cases/Custom Procurement Details/UTILITIES/OPEN_BROWSER

2020-12-18 17:59:50 - [TEST_STEP][PASSED] - openBrowser("https://gdasandbox.test-arcadier.com/buyer-signin"): Browser is opened with url: 'https://gdasandbox.test-arcadier.com/buyer-signin'

2020-12-18 17:59:50 - [MESSAGE][INFO] - Starting 'Chrome' driver

2020-12-18 17:59:50 - [MESSAGE][INFO] - Action delay is set to 0 milliseconds

2020-12-18 18:00:00 - [MESSAGE][PASSED] - Browser is opened with url: 'https://gdasandbox.test-arcadier.com/buyer-signin'

2020-12-18 18:00:00 - [TEST_STEP][PASSED] - maximizeWindow(): Current window maximized

2020-12-18 18:00:02 - [MESSAGE][PASSED] - Current window maximized

2020-12-18 18:00:02 - [TEST_STEP][PASSED] - callTestCase(findTestCase("Custom Procurement Details/UTILITIES/LOGIN"), [:], STOP_ON_FAILURE): Call Test Case 'Test Cases/Custom Procurement Details/UTILITIES/LOGIN' successfully

2020-12-18 18:00:02 - [TEST_CASE][PASSED] - Test Cases/Custom Procurement Details/UTILITIES/LOGIN: Test Cases/Custom Procurement Details/UTILITIES/LOGIN

2020-12-18 18:00:02 - [TEST_STEP][PASSED] - waitForElementPresent(findTestObject("Login/Page_diagnostics/a_Sign_in_as_Buyer"), 0): Object 'Object Repository/Login/Page_diagnostics/a_Sign_in_as_Buyer' is present

2020-12-18 18:00:02 - [MESSAGE][WARNING] - Timeout '0' is invalid. Using default page load timeout: '30'

2020-12-18 18:00:03 - [MESSAGE][PASSED] - Object 'Object Repository/Login/Page_diagnostics/a_Sign_in_as_Buyer' is present

2020-12-18 18:00:03 - [TEST_STEP][PASSED] - click(findTestObject("Login/Page_diagnostics/a_Sign_in_as_Buyer")): Object: 'Object Repository/Login/Page_diagnostics/a_Sign_in_as_Buyer' is clicked on

2020-12-18 18:00:04 - [MESSAGE][PASSED] - Object: 'Object Repository/Login/Page_diagnostics/a_Sign_in_as_Buyer' is clicked on

2020-12-18 18:00:04 - [TEST_STEP][PASSED] - waitForElementPresent(findTestObject("Login/Page_diagnostics/input_Username"), 0): Object 'Object Repository/Login/Page_diagnostics/input_Username' is present

2020-12-18 18:00:04 - [MESSAGE][WARNING] - Timeout '0' is invalid. Using default page load timeout: '30'

2020-12-18 18:00:04 - [MESSAGE][PASSED] - Object 'Object Repository/Login/Page_diagnostics/input_Username' is present

2020-12-18 18:00:04 - [TEST_STEP][PASSED] - setText(findTestObject("Login/Page_diagnostics/input_Username"), "admin"): Text 'admin' is set on object 'Object Repository/Login/Page_diagnostics/input_Username'

2020-12-18 18:00:05 - [MESSAGE][PASSED] - Text 'admin' is set on object 'Object Repository/Login/Page_diagnostics/input_Username'

2020-12-18 18:00:05 - [TEST_STEP][PASSED] - waitForElementPresent(findTestObject("Login/Page_diagnostics/input_Password"), 0): Object 'Object Repository/Login/Page_diagnostics/input_Password' is present

2020-12-18 18:00:05 - [MESSAGE][WARNING] - Timeout '0' is invalid. Using default page load timeout: '30'

2020-12-18 18:00:05 - [MESSAGE][PASSED] - Object 'Object Repository/Login/Page_diagnostics/input_Password' is present

2020-12-18 18:00:05 - [TEST_STEP][PASSED] - setText(findTestObject("Login/Page_diagnostics/input_Password"), "Diagnostics123!"): Text 'Diagnostics123!' is set on object 'Object Repository/Login/Page_diagnostics/input_Password'

2020-12-18 18:00:06 - [MESSAGE][PASSED] - Text 'Diagnostics123!' is set on object 'Object Repository/Login/Page_diagnostics/input_Password'

2020-12-18 18:00:06 - [TEST_STEP][PASSED] - waitForElementPresent(findTestObject("Login/Page_diagnostics/input_Submit"), 0): Object 'Object Repository/Login/Page_diagnostics/input_Submit' is present

2020-12-18 18:00:06 - [MESSAGE][WARNING] - Timeout '0' is invalid. Using default page load timeout: '30'

2020-12-18 18:00:06 - [MESSAGE][PASSED] - Object 'Object Repository/Login/Page_diagnostics/input_Submit' is present

2020-12-18 18:00:06 - [TEST_STEP][PASSED] - click(findTestObject("Login/Page_diagnostics/input_Submit")): Object: 'Object Repository/Login/Page_diagnostics/input_Submit' is clicked on

2020-12-18 18:00:13 - [MESSAGE][PASSED] - Object: 'Object Repository/Login/Page_diagnostics/input_Submit' is clicked on

2020-12-18 18:00:13 - [MESSAGE][PASSED] - Call Test Case 'Test Cases/Custom Procurement Details/UTILITIES/LOGIN' successfully

2020-12-18 18:00:13 - [TEST_STEP][PASSED] - navigateToUrl("https://gdasandbox.test-arcadier.com/user/item/detail/gdaagencyfind/59fde34e-4dcb-44b5-bdcd-2bde962c0cb5"): Navigate to 'https://gdasandbox.test-arcadier.com/user/item/detail/gdaagencyfind/59fde34e-4dcb-44b5-bdcd-2bde962c0cb5' successfully

2020-12-18 18:00:15 - [MESSAGE][PASSED] - Navigate to 'https://gdasandbox.test-arcadier.com/user/item/detail/gdaagencyfind/59fde34e-4dcb-44b5-bdcd-2bde962c0cb5' successfully

2020-12-18 18:00:15 - [MESSAGE][PASSED] - Call Test Case 'Test Cases/Custom Procurement Details/UTILITIES/OPEN_BROWSER' successfully

2020-12-18 18:00:15 - [TEST_STEP][PASSED] - callTestCase(findTestCase("Custom Procurement Details/UTILITIES/PROCURE_PAGE"), [:], STOP_ON_FAILURE): Call Test Case 'Test Cases/Custom Procurement Details/UTILITIES/PROCURE_PAGE' successfully

2020-12-18 18:00:15 - [TEST_CASE][PASSED] - Test Cases/Custom Procurement Details/UTILITIES/PROCURE_PAGE: Test Cases/Custom Procurement Details/UTILITIES/PROCURE_PAGE

2020-12-18 18:00:15 - [TEST_STEP][PASSED] - click(findTestObject("Item Details/Page_diagnostics/a_PROCURE_DIRECTLY_FROM_SELLER")): Object: 'Object Repository/Item Details/Page_diagnostics/a_PROCURE_DIRECTLY_FROM_SELLER' is clicked on

2020-12-18 18:00:18 - [MESSAGE][PASSED] - Object: 'Object Repository/Item Details/Page_diagnostics/a_PROCURE_DIRECTLY_FROM_SELLER' is clicked on

2020-12-18 18:00:18 - [MESSAGE][PASSED] - Call Test Case 'Test Cases/Custom Procurement Details/UTILITIES/PROCURE_PAGE' successfully

2020-12-18 18:00:18 - [TEST_STEP][PASSED] - callTestCase(findTestCase("Custom Procurement Details/UTILITIES/CART_PAGE"), [:], STOP_ON_FAILURE): Call Test Case 'Test Cases/Custom Procurement Details/UTILITIES/CART_PAGE' successfully

2020-12-18 18:00:19 - [TEST_CASE][PASSED] - Test Cases/Custom Procurement Details/UTILITIES/CART_PAGE: Test Cases/Custom Procurement Details/UTILITIES/CART_PAGE

2020-12-18 18:00:19 - [TEST_STEP][PASSED] - navigateToUrl("https://gdasandbox.test-arcadier.com/user/order/cart"): Navigate to 'https://gdasandbox.test-arcadier.com/user/order/cart' successfully

2020-12-18 18:00:20 - [MESSAGE][PASSED] - Navigate to 'https://gdasandbox.test-arcadier.com/user/order/cart' successfully

2020-12-18 18:00:20 - [TEST_STEP][PASSED] - click(findTestObject("Checkout Page/Page_diagnostics/a_CHECKOUT")): Object: 'Object Repository/Checkout Page/Page_diagnostics/a_CHECKOUT' is clicked on

2020-12-18 18:00:24 - [MESSAGE][PASSED] - Object: 'Object Repository/Checkout Page/Page_diagnostics/a_CHECKOUT' is clicked on

2020-12-18 18:00:24 - [MESSAGE][PASSED] - Call Test Case 'Test Cases/Custom Procurement Details/UTILITIES/CART_PAGE' successfully

2020-12-18 18:00:24 - [TEST_STEP][PASSED] - verifyElementPresent(findTestObject("Procurement Active1/Page_diagnostics/input_Company_Name"), 0): Object 'Object Repository/Procurement Active1/Page_diagnostics/input_Company_Name' is present

2020-12-18 18:00:24 - [MESSAGE][WARNING] - Timeout '0' is invalid. Using default page load timeout: '30'

2020-12-18 18:00:26 - [MESSAGE][PASSED] - Object 'Object Repository/Procurement Active1/Page_diagnostics/input_Company_Name' is present

2020-12-18 18:00:26 - [TEST_STEP][PASSED] - callTestCase(findTestCase("Custom Procurement Details/UTILITIES/CLOSE_BROWSER"), [:], STOP_ON_FAILURE): Call Test Case 'Test Cases/Custom Procurement Details/UTILITIES/CLOSE_BROWSER' successfully

2020-12-18 18:00:26 - [TEST_CASE][PASSED] - Test Cases/Custom Procurement Details/UTILITIES/CLOSE_BROWSER: Test Cases/Custom Procurement Details/UTILITIES/CLOSE_BROWSER

2020-12-18 18:00:26 - [TEST_STEP][PASSED] - closeBrowser(): Browser is closed

2020-12-18 18:00:26 - [MESSAGE][PASSED] - Browser is closed

2020-12-18 18:00:26 - [MESSAGE][PASSED] - Call Test Case 'Test Cases/Custom Procurement Details/UTILITIES/CLOSE_BROWSER' successfully]]></system-out>
         <system-err><![CDATA[]]></system-err>
      </testcase>
      <testcase name="Test Cases/Custom Procurement Details/TEST CASE/TC_DETAILS_UI_004" time="32.056" classname="Test Cases/Custom Procurement Details/TEST CASE/TC_DETAILS_UI_004" status="PASSED">
         <system-out><![CDATA[2020-12-18 18:00:26 - [TEST_CASE][PASSED] - Test Cases/Custom Procurement Details/TEST CASE/TC_DETAILS_UI_004: Test Cases/Custom Procurement Details/TEST CASE/TC_DETAILS_UI_004

2020-12-18 18:00:27 - [TEST_STEP][PASSED] - callTestCase(findTestCase("Custom Procurement Details/UTILITIES/OPEN_BROWSER"), [:], STOP_ON_FAILURE): Call Test Case 'Test Cases/Custom Procurement Details/UTILITIES/OPEN_BROWSER' successfully

2020-12-18 18:00:27 - [TEST_CASE][PASSED] - Test Cases/Custom Procurement Details/UTILITIES/OPEN_BROWSER: Test Cases/Custom Procurement Details/UTILITIES/OPEN_BROWSER

2020-12-18 18:00:27 - [TEST_STEP][PASSED] - openBrowser("https://gdasandbox.test-arcadier.com/buyer-signin"): Browser is opened with url: 'https://gdasandbox.test-arcadier.com/buyer-signin'

2020-12-18 18:00:27 - [MESSAGE][INFO] - Starting 'Chrome' driver

2020-12-18 18:00:27 - [MESSAGE][INFO] - Action delay is set to 0 milliseconds

2020-12-18 18:00:36 - [MESSAGE][PASSED] - Browser is opened with url: 'https://gdasandbox.test-arcadier.com/buyer-signin'

2020-12-18 18:00:36 - [TEST_STEP][PASSED] - maximizeWindow(): Current window maximized

2020-12-18 18:00:38 - [MESSAGE][PASSED] - Current window maximized

2020-12-18 18:00:38 - [TEST_STEP][PASSED] - callTestCase(findTestCase("Custom Procurement Details/UTILITIES/LOGIN"), [:], STOP_ON_FAILURE): Call Test Case 'Test Cases/Custom Procurement Details/UTILITIES/LOGIN' successfully

2020-12-18 18:00:38 - [TEST_CASE][PASSED] - Test Cases/Custom Procurement Details/UTILITIES/LOGIN: Test Cases/Custom Procurement Details/UTILITIES/LOGIN

2020-12-18 18:00:38 - [TEST_STEP][PASSED] - waitForElementPresent(findTestObject("Login/Page_diagnostics/a_Sign_in_as_Buyer"), 0): Object 'Object Repository/Login/Page_diagnostics/a_Sign_in_as_Buyer' is present

2020-12-18 18:00:39 - [MESSAGE][WARNING] - Timeout '0' is invalid. Using default page load timeout: '30'

2020-12-18 18:00:39 - [MESSAGE][PASSED] - Object 'Object Repository/Login/Page_diagnostics/a_Sign_in_as_Buyer' is present

2020-12-18 18:00:39 - [TEST_STEP][PASSED] - click(findTestObject("Login/Page_diagnostics/a_Sign_in_as_Buyer")): Object: 'Object Repository/Login/Page_diagnostics/a_Sign_in_as_Buyer' is clicked on

2020-12-18 18:00:39 - [MESSAGE][PASSED] - Object: 'Object Repository/Login/Page_diagnostics/a_Sign_in_as_Buyer' is clicked on

2020-12-18 18:00:39 - [TEST_STEP][PASSED] - waitForElementPresent(findTestObject("Login/Page_diagnostics/input_Username"), 0): Object 'Object Repository/Login/Page_diagnostics/input_Username' is present

2020-12-18 18:00:39 - [MESSAGE][WARNING] - Timeout '0' is invalid. Using default page load timeout: '30'

2020-12-18 18:00:40 - [MESSAGE][PASSED] - Object 'Object Repository/Login/Page_diagnostics/input_Username' is present

2020-12-18 18:00:40 - [TEST_STEP][PASSED] - setText(findTestObject("Login/Page_diagnostics/input_Username"), "admin"): Text 'admin' is set on object 'Object Repository/Login/Page_diagnostics/input_Username'

2020-12-18 18:00:40 - [MESSAGE][PASSED] - Text 'admin' is set on object 'Object Repository/Login/Page_diagnostics/input_Username'

2020-12-18 18:00:40 - [TEST_STEP][PASSED] - waitForElementPresent(findTestObject("Login/Page_diagnostics/input_Password"), 0): Object 'Object Repository/Login/Page_diagnostics/input_Password' is present

2020-12-18 18:00:40 - [MESSAGE][WARNING] - Timeout '0' is invalid. Using default page load timeout: '30'

2020-12-18 18:00:40 - [MESSAGE][PASSED] - Object 'Object Repository/Login/Page_diagnostics/input_Password' is present

2020-12-18 18:00:40 - [TEST_STEP][PASSED] - setText(findTestObject("Login/Page_diagnostics/input_Password"), "Diagnostics123!"): Text 'Diagnostics123!' is set on object 'Object Repository/Login/Page_diagnostics/input_Password'

2020-12-18 18:00:41 - [MESSAGE][PASSED] - Text 'Diagnostics123!' is set on object 'Object Repository/Login/Page_diagnostics/input_Password'

2020-12-18 18:00:41 - [TEST_STEP][PASSED] - waitForElementPresent(findTestObject("Login/Page_diagnostics/input_Submit"), 0): Object 'Object Repository/Login/Page_diagnostics/input_Submit' is present

2020-12-18 18:00:41 - [MESSAGE][WARNING] - Timeout '0' is invalid. Using default page load timeout: '30'

2020-12-18 18:00:41 - [MESSAGE][PASSED] - Object 'Object Repository/Login/Page_diagnostics/input_Submit' is present

2020-12-18 18:00:41 - [TEST_STEP][PASSED] - click(findTestObject("Login/Page_diagnostics/input_Submit")): Object: 'Object Repository/Login/Page_diagnostics/input_Submit' is clicked on

2020-12-18 18:00:47 - [MESSAGE][PASSED] - Object: 'Object Repository/Login/Page_diagnostics/input_Submit' is clicked on

2020-12-18 18:00:47 - [MESSAGE][PASSED] - Call Test Case 'Test Cases/Custom Procurement Details/UTILITIES/LOGIN' successfully

2020-12-18 18:00:47 - [TEST_STEP][PASSED] - navigateToUrl("https://gdasandbox.test-arcadier.com/user/item/detail/gdaagencyfind/59fde34e-4dcb-44b5-bdcd-2bde962c0cb5"): Navigate to 'https://gdasandbox.test-arcadier.com/user/item/detail/gdaagencyfind/59fde34e-4dcb-44b5-bdcd-2bde962c0cb5' successfully

2020-12-18 18:00:48 - [MESSAGE][PASSED] - Navigate to 'https://gdasandbox.test-arcadier.com/user/item/detail/gdaagencyfind/59fde34e-4dcb-44b5-bdcd-2bde962c0cb5' successfully

2020-12-18 18:00:48 - [MESSAGE][PASSED] - Call Test Case 'Test Cases/Custom Procurement Details/UTILITIES/OPEN_BROWSER' successfully

2020-12-18 18:00:48 - [TEST_STEP][PASSED] - callTestCase(findTestCase("Custom Procurement Details/UTILITIES/PROCURE_PAGE"), [:], STOP_ON_FAILURE): Call Test Case 'Test Cases/Custom Procurement Details/UTILITIES/PROCURE_PAGE' successfully

2020-12-18 18:00:48 - [TEST_CASE][PASSED] - Test Cases/Custom Procurement Details/UTILITIES/PROCURE_PAGE: Test Cases/Custom Procurement Details/UTILITIES/PROCURE_PAGE

2020-12-18 18:00:48 - [TEST_STEP][PASSED] - click(findTestObject("Item Details/Page_diagnostics/a_PROCURE_DIRECTLY_FROM_SELLER")): Object: 'Object Repository/Item Details/Page_diagnostics/a_PROCURE_DIRECTLY_FROM_SELLER' is clicked on

2020-12-18 18:00:51 - [MESSAGE][PASSED] - Object: 'Object Repository/Item Details/Page_diagnostics/a_PROCURE_DIRECTLY_FROM_SELLER' is clicked on

2020-12-18 18:00:51 - [MESSAGE][PASSED] - Call Test Case 'Test Cases/Custom Procurement Details/UTILITIES/PROCURE_PAGE' successfully

2020-12-18 18:00:51 - [TEST_STEP][PASSED] - callTestCase(findTestCase("Custom Procurement Details/UTILITIES/CART_PAGE"), [:], STOP_ON_FAILURE): Call Test Case 'Test Cases/Custom Procurement Details/UTILITIES/CART_PAGE' successfully

2020-12-18 18:00:51 - [TEST_CASE][PASSED] - Test Cases/Custom Procurement Details/UTILITIES/CART_PAGE: Test Cases/Custom Procurement Details/UTILITIES/CART_PAGE

2020-12-18 18:00:51 - [TEST_STEP][PASSED] - navigateToUrl("https://gdasandbox.test-arcadier.com/user/order/cart"): Navigate to 'https://gdasandbox.test-arcadier.com/user/order/cart' successfully

2020-12-18 18:00:52 - [MESSAGE][PASSED] - Navigate to 'https://gdasandbox.test-arcadier.com/user/order/cart' successfully

2020-12-18 18:00:52 - [TEST_STEP][PASSED] - click(findTestObject("Checkout Page/Page_diagnostics/a_CHECKOUT")): Object: 'Object Repository/Checkout Page/Page_diagnostics/a_CHECKOUT' is clicked on

2020-12-18 18:00:56 - [MESSAGE][PASSED] - Object: 'Object Repository/Checkout Page/Page_diagnostics/a_CHECKOUT' is clicked on

2020-12-18 18:00:56 - [MESSAGE][PASSED] - Call Test Case 'Test Cases/Custom Procurement Details/UTILITIES/CART_PAGE' successfully

2020-12-18 18:00:56 - [TEST_STEP][PASSED] - verifyElementPresent(findTestObject("Procurement Active1/Page_diagnostics/input_Notification_email"), 0): Object 'Object Repository/Procurement Active1/Page_diagnostics/input_Notification_email' is present

2020-12-18 18:00:56 - [MESSAGE][WARNING] - Timeout '0' is invalid. Using default page load timeout: '30'

2020-12-18 18:00:58 - [MESSAGE][PASSED] - Object 'Object Repository/Procurement Active1/Page_diagnostics/input_Notification_email' is present

2020-12-18 18:00:58 - [TEST_STEP][PASSED] - callTestCase(findTestCase("Custom Procurement Details/UTILITIES/CLOSE_BROWSER"), [:], STOP_ON_FAILURE): Call Test Case 'Test Cases/Custom Procurement Details/UTILITIES/CLOSE_BROWSER' successfully

2020-12-18 18:00:58 - [TEST_CASE][PASSED] - Test Cases/Custom Procurement Details/UTILITIES/CLOSE_BROWSER: Test Cases/Custom Procurement Details/UTILITIES/CLOSE_BROWSER

2020-12-18 18:00:58 - [TEST_STEP][PASSED] - closeBrowser(): Browser is closed

2020-12-18 18:00:58 - [MESSAGE][PASSED] - Browser is closed

2020-12-18 18:00:58 - [MESSAGE][PASSED] - Call Test Case 'Test Cases/Custom Procurement Details/UTILITIES/CLOSE_BROWSER' successfully]]></system-out>
         <system-err><![CDATA[]]></system-err>
      </testcase>
      <testcase name="Test Cases/Custom Procurement Details/TEST CASE/TC_DETAILS_UI_005" time="34.335" classname="Test Cases/Custom Procurement Details/TEST CASE/TC_DETAILS_UI_005" status="PASSED">
         <system-out><![CDATA[2020-12-18 18:00:58 - [TEST_CASE][PASSED] - Test Cases/Custom Procurement Details/TEST CASE/TC_DETAILS_UI_005: Test Cases/Custom Procurement Details/TEST CASE/TC_DETAILS_UI_005

2020-12-18 18:00:59 - [TEST_STEP][PASSED] - callTestCase(findTestCase("Custom Procurement Details/UTILITIES/OPEN_BROWSER"), [:], STOP_ON_FAILURE): Call Test Case 'Test Cases/Custom Procurement Details/UTILITIES/OPEN_BROWSER' successfully

2020-12-18 18:00:59 - [TEST_CASE][PASSED] - Test Cases/Custom Procurement Details/UTILITIES/OPEN_BROWSER: Test Cases/Custom Procurement Details/UTILITIES/OPEN_BROWSER

2020-12-18 18:00:59 - [TEST_STEP][PASSED] - openBrowser("https://gdasandbox.test-arcadier.com/buyer-signin"): Browser is opened with url: 'https://gdasandbox.test-arcadier.com/buyer-signin'

2020-12-18 18:00:59 - [MESSAGE][INFO] - Starting 'Chrome' driver

2020-12-18 18:00:59 - [MESSAGE][INFO] - Action delay is set to 0 milliseconds

2020-12-18 18:01:09 - [MESSAGE][PASSED] - Browser is opened with url: 'https://gdasandbox.test-arcadier.com/buyer-signin'

2020-12-18 18:01:09 - [TEST_STEP][PASSED] - maximizeWindow(): Current window maximized

2020-12-18 18:01:11 - [MESSAGE][PASSED] - Current window maximized

2020-12-18 18:01:11 - [TEST_STEP][PASSED] - callTestCase(findTestCase("Custom Procurement Details/UTILITIES/LOGIN"), [:], STOP_ON_FAILURE): Call Test Case 'Test Cases/Custom Procurement Details/UTILITIES/LOGIN' successfully

2020-12-18 18:01:11 - [TEST_CASE][PASSED] - Test Cases/Custom Procurement Details/UTILITIES/LOGIN: Test Cases/Custom Procurement Details/UTILITIES/LOGIN

2020-12-18 18:01:11 - [TEST_STEP][PASSED] - waitForElementPresent(findTestObject("Login/Page_diagnostics/a_Sign_in_as_Buyer"), 0): Object 'Object Repository/Login/Page_diagnostics/a_Sign_in_as_Buyer' is present

2020-12-18 18:01:11 - [MESSAGE][WARNING] - Timeout '0' is invalid. Using default page load timeout: '30'

2020-12-18 18:01:12 - [MESSAGE][PASSED] - Object 'Object Repository/Login/Page_diagnostics/a_Sign_in_as_Buyer' is present

2020-12-18 18:01:12 - [TEST_STEP][PASSED] - click(findTestObject("Login/Page_diagnostics/a_Sign_in_as_Buyer")): Object: 'Object Repository/Login/Page_diagnostics/a_Sign_in_as_Buyer' is clicked on

2020-12-18 18:01:12 - [MESSAGE][PASSED] - Object: 'Object Repository/Login/Page_diagnostics/a_Sign_in_as_Buyer' is clicked on

2020-12-18 18:01:12 - [TEST_STEP][PASSED] - waitForElementPresent(findTestObject("Login/Page_diagnostics/input_Username"), 0): Object 'Object Repository/Login/Page_diagnostics/input_Username' is present

2020-12-18 18:01:12 - [MESSAGE][WARNING] - Timeout '0' is invalid. Using default page load timeout: '30'

2020-12-18 18:01:13 - [MESSAGE][PASSED] - Object 'Object Repository/Login/Page_diagnostics/input_Username' is present

2020-12-18 18:01:13 - [TEST_STEP][PASSED] - setText(findTestObject("Login/Page_diagnostics/input_Username"), "admin"): Text 'admin' is set on object 'Object Repository/Login/Page_diagnostics/input_Username'

2020-12-18 18:01:14 - [MESSAGE][PASSED] - Text 'admin' is set on object 'Object Repository/Login/Page_diagnostics/input_Username'

2020-12-18 18:01:14 - [TEST_STEP][PASSED] - waitForElementPresent(findTestObject("Login/Page_diagnostics/input_Password"), 0): Object 'Object Repository/Login/Page_diagnostics/input_Password' is present

2020-12-18 18:01:14 - [MESSAGE][WARNING] - Timeout '0' is invalid. Using default page load timeout: '30'

2020-12-18 18:01:14 - [MESSAGE][PASSED] - Object 'Object Repository/Login/Page_diagnostics/input_Password' is present

2020-12-18 18:01:14 - [TEST_STEP][PASSED] - setText(findTestObject("Login/Page_diagnostics/input_Password"), "Diagnostics123!"): Text 'Diagnostics123!' is set on object 'Object Repository/Login/Page_diagnostics/input_Password'

2020-12-18 18:01:14 - [MESSAGE][PASSED] - Text 'Diagnostics123!' is set on object 'Object Repository/Login/Page_diagnostics/input_Password'

2020-12-18 18:01:14 - [TEST_STEP][PASSED] - waitForElementPresent(findTestObject("Login/Page_diagnostics/input_Submit"), 0): Object 'Object Repository/Login/Page_diagnostics/input_Submit' is present

2020-12-18 18:01:14 - [MESSAGE][WARNING] - Timeout '0' is invalid. Using default page load timeout: '30'

2020-12-18 18:01:15 - [MESSAGE][PASSED] - Object 'Object Repository/Login/Page_diagnostics/input_Submit' is present

2020-12-18 18:01:15 - [TEST_STEP][PASSED] - click(findTestObject("Login/Page_diagnostics/input_Submit")): Object: 'Object Repository/Login/Page_diagnostics/input_Submit' is clicked on

2020-12-18 18:01:21 - [MESSAGE][PASSED] - Object: 'Object Repository/Login/Page_diagnostics/input_Submit' is clicked on

2020-12-18 18:01:21 - [MESSAGE][PASSED] - Call Test Case 'Test Cases/Custom Procurement Details/UTILITIES/LOGIN' successfully

2020-12-18 18:01:21 - [TEST_STEP][PASSED] - navigateToUrl("https://gdasandbox.test-arcadier.com/user/item/detail/gdaagencyfind/59fde34e-4dcb-44b5-bdcd-2bde962c0cb5"): Navigate to 'https://gdasandbox.test-arcadier.com/user/item/detail/gdaagencyfind/59fde34e-4dcb-44b5-bdcd-2bde962c0cb5' successfully

2020-12-18 18:01:22 - [MESSAGE][PASSED] - Navigate to 'https://gdasandbox.test-arcadier.com/user/item/detail/gdaagencyfind/59fde34e-4dcb-44b5-bdcd-2bde962c0cb5' successfully

2020-12-18 18:01:22 - [MESSAGE][PASSED] - Call Test Case 'Test Cases/Custom Procurement Details/UTILITIES/OPEN_BROWSER' successfully

2020-12-18 18:01:22 - [TEST_STEP][PASSED] - callTestCase(findTestCase("Custom Procurement Details/UTILITIES/PROCURE_PAGE"), [:], STOP_ON_FAILURE): Call Test Case 'Test Cases/Custom Procurement Details/UTILITIES/PROCURE_PAGE' successfully

2020-12-18 18:01:22 - [TEST_CASE][PASSED] - Test Cases/Custom Procurement Details/UTILITIES/PROCURE_PAGE: Test Cases/Custom Procurement Details/UTILITIES/PROCURE_PAGE

2020-12-18 18:01:22 - [TEST_STEP][PASSED] - click(findTestObject("Item Details/Page_diagnostics/a_PROCURE_DIRECTLY_FROM_SELLER")): Object: 'Object Repository/Item Details/Page_diagnostics/a_PROCURE_DIRECTLY_FROM_SELLER' is clicked on

2020-12-18 18:01:25 - [MESSAGE][PASSED] - Object: 'Object Repository/Item Details/Page_diagnostics/a_PROCURE_DIRECTLY_FROM_SELLER' is clicked on

2020-12-18 18:01:25 - [MESSAGE][PASSED] - Call Test Case 'Test Cases/Custom Procurement Details/UTILITIES/PROCURE_PAGE' successfully

2020-12-18 18:01:25 - [TEST_STEP][PASSED] - callTestCase(findTestCase("Custom Procurement Details/UTILITIES/CART_PAGE"), [:], STOP_ON_FAILURE): Call Test Case 'Test Cases/Custom Procurement Details/UTILITIES/CART_PAGE' successfully

2020-12-18 18:01:25 - [TEST_CASE][PASSED] - Test Cases/Custom Procurement Details/UTILITIES/CART_PAGE: Test Cases/Custom Procurement Details/UTILITIES/CART_PAGE

2020-12-18 18:01:25 - [TEST_STEP][PASSED] - navigateToUrl("https://gdasandbox.test-arcadier.com/user/order/cart"): Navigate to 'https://gdasandbox.test-arcadier.com/user/order/cart' successfully

2020-12-18 18:01:27 - [MESSAGE][PASSED] - Navigate to 'https://gdasandbox.test-arcadier.com/user/order/cart' successfully

2020-12-18 18:01:27 - [TEST_STEP][PASSED] - click(findTestObject("Checkout Page/Page_diagnostics/a_CHECKOUT")): Object: 'Object Repository/Checkout Page/Page_diagnostics/a_CHECKOUT' is clicked on

2020-12-18 18:01:30 - [MESSAGE][PASSED] - Object: 'Object Repository/Checkout Page/Page_diagnostics/a_CHECKOUT' is clicked on

2020-12-18 18:01:30 - [MESSAGE][PASSED] - Call Test Case 'Test Cases/Custom Procurement Details/UTILITIES/CART_PAGE' successfully

2020-12-18 18:01:30 - [TEST_STEP][PASSED] - verifyElementPresent(findTestObject("Procurement Active1/Page_diagnostics/input_Contact_number"), 0): Object 'Object Repository/Procurement Active1/Page_diagnostics/input_Contact_number' is present

2020-12-18 18:01:30 - [MESSAGE][WARNING] - Timeout '0' is invalid. Using default page load timeout: '30'

2020-12-18 18:01:32 - [MESSAGE][PASSED] - Object 'Object Repository/Procurement Active1/Page_diagnostics/input_Contact_number' is present

2020-12-18 18:01:32 - [TEST_STEP][PASSED] - callTestCase(findTestCase("Custom Procurement Details/UTILITIES/CLOSE_BROWSER"), [:], STOP_ON_FAILURE): Call Test Case 'Test Cases/Custom Procurement Details/UTILITIES/CLOSE_BROWSER' successfully

2020-12-18 18:01:32 - [TEST_CASE][PASSED] - Test Cases/Custom Procurement Details/UTILITIES/CLOSE_BROWSER: Test Cases/Custom Procurement Details/UTILITIES/CLOSE_BROWSER

2020-12-18 18:01:32 - [TEST_STEP][PASSED] - closeBrowser(): Browser is closed

2020-12-18 18:01:33 - [MESSAGE][PASSED] - Browser is closed

2020-12-18 18:01:33 - [MESSAGE][PASSED] - Call Test Case 'Test Cases/Custom Procurement Details/UTILITIES/CLOSE_BROWSER' successfully]]></system-out>
         <system-err><![CDATA[]]></system-err>
      </testcase>
      <testcase name="Test Cases/Custom Procurement Details/TEST CASE/TC_DETAILS_UI_006" time="35.137" classname="Test Cases/Custom Procurement Details/TEST CASE/TC_DETAILS_UI_006" status="PASSED">
         <system-out><![CDATA[2020-12-18 18:01:33 - [TEST_CASE][PASSED] - Test Cases/Custom Procurement Details/TEST CASE/TC_DETAILS_UI_006: Test Cases/Custom Procurement Details/TEST CASE/TC_DETAILS_UI_006

2020-12-18 18:01:33 - [TEST_STEP][PASSED] - callTestCase(findTestCase("Custom Procurement Details/UTILITIES/OPEN_BROWSER"), [:], STOP_ON_FAILURE): Call Test Case 'Test Cases/Custom Procurement Details/UTILITIES/OPEN_BROWSER' successfully

2020-12-18 18:01:33 - [TEST_CASE][PASSED] - Test Cases/Custom Procurement Details/UTILITIES/OPEN_BROWSER: Test Cases/Custom Procurement Details/UTILITIES/OPEN_BROWSER

2020-12-18 18:01:33 - [TEST_STEP][PASSED] - openBrowser("https://gdasandbox.test-arcadier.com/buyer-signin"): Browser is opened with url: 'https://gdasandbox.test-arcadier.com/buyer-signin'

2020-12-18 18:01:33 - [MESSAGE][INFO] - Starting 'Chrome' driver

2020-12-18 18:01:33 - [MESSAGE][INFO] - Action delay is set to 0 milliseconds

2020-12-18 18:01:43 - [MESSAGE][PASSED] - Browser is opened with url: 'https://gdasandbox.test-arcadier.com/buyer-signin'

2020-12-18 18:01:43 - [TEST_STEP][PASSED] - maximizeWindow(): Current window maximized

2020-12-18 18:01:45 - [MESSAGE][PASSED] - Current window maximized

2020-12-18 18:01:45 - [TEST_STEP][PASSED] - callTestCase(findTestCase("Custom Procurement Details/UTILITIES/LOGIN"), [:], STOP_ON_FAILURE): Call Test Case 'Test Cases/Custom Procurement Details/UTILITIES/LOGIN' successfully

2020-12-18 18:01:45 - [TEST_CASE][PASSED] - Test Cases/Custom Procurement Details/UTILITIES/LOGIN: Test Cases/Custom Procurement Details/UTILITIES/LOGIN

2020-12-18 18:01:45 - [TEST_STEP][PASSED] - waitForElementPresent(findTestObject("Login/Page_diagnostics/a_Sign_in_as_Buyer"), 0): Object 'Object Repository/Login/Page_diagnostics/a_Sign_in_as_Buyer' is present

2020-12-18 18:01:45 - [MESSAGE][WARNING] - Timeout '0' is invalid. Using default page load timeout: '30'

2020-12-18 18:01:46 - [MESSAGE][PASSED] - Object 'Object Repository/Login/Page_diagnostics/a_Sign_in_as_Buyer' is present

2020-12-18 18:01:46 - [TEST_STEP][PASSED] - click(findTestObject("Login/Page_diagnostics/a_Sign_in_as_Buyer")): Object: 'Object Repository/Login/Page_diagnostics/a_Sign_in_as_Buyer' is clicked on

2020-12-18 18:01:47 - [MESSAGE][PASSED] - Object: 'Object Repository/Login/Page_diagnostics/a_Sign_in_as_Buyer' is clicked on

2020-12-18 18:01:47 - [TEST_STEP][PASSED] - waitForElementPresent(findTestObject("Login/Page_diagnostics/input_Username"), 0): Object 'Object Repository/Login/Page_diagnostics/input_Username' is present

2020-12-18 18:01:47 - [MESSAGE][WARNING] - Timeout '0' is invalid. Using default page load timeout: '30'

2020-12-18 18:01:47 - [MESSAGE][PASSED] - Object 'Object Repository/Login/Page_diagnostics/input_Username' is present

2020-12-18 18:01:47 - [TEST_STEP][PASSED] - setText(findTestObject("Login/Page_diagnostics/input_Username"), "admin"): Text 'admin' is set on object 'Object Repository/Login/Page_diagnostics/input_Username'

2020-12-18 18:01:48 - [MESSAGE][PASSED] - Text 'admin' is set on object 'Object Repository/Login/Page_diagnostics/input_Username'

2020-12-18 18:01:48 - [TEST_STEP][PASSED] - waitForElementPresent(findTestObject("Login/Page_diagnostics/input_Password"), 0): Object 'Object Repository/Login/Page_diagnostics/input_Password' is present

2020-12-18 18:01:48 - [MESSAGE][WARNING] - Timeout '0' is invalid. Using default page load timeout: '30'

2020-12-18 18:01:48 - [MESSAGE][PASSED] - Object 'Object Repository/Login/Page_diagnostics/input_Password' is present

2020-12-18 18:01:48 - [TEST_STEP][PASSED] - setText(findTestObject("Login/Page_diagnostics/input_Password"), "Diagnostics123!"): Text 'Diagnostics123!' is set on object 'Object Repository/Login/Page_diagnostics/input_Password'

2020-12-18 18:01:49 - [MESSAGE][PASSED] - Text 'Diagnostics123!' is set on object 'Object Repository/Login/Page_diagnostics/input_Password'

2020-12-18 18:01:49 - [TEST_STEP][PASSED] - waitForElementPresent(findTestObject("Login/Page_diagnostics/input_Submit"), 0): Object 'Object Repository/Login/Page_diagnostics/input_Submit' is present

2020-12-18 18:01:49 - [MESSAGE][WARNING] - Timeout '0' is invalid. Using default page load timeout: '30'

2020-12-18 18:01:49 - [MESSAGE][PASSED] - Object 'Object Repository/Login/Page_diagnostics/input_Submit' is present

2020-12-18 18:01:49 - [TEST_STEP][PASSED] - click(findTestObject("Login/Page_diagnostics/input_Submit")): Object: 'Object Repository/Login/Page_diagnostics/input_Submit' is clicked on

2020-12-18 18:01:55 - [MESSAGE][PASSED] - Object: 'Object Repository/Login/Page_diagnostics/input_Submit' is clicked on

2020-12-18 18:01:55 - [MESSAGE][PASSED] - Call Test Case 'Test Cases/Custom Procurement Details/UTILITIES/LOGIN' successfully

2020-12-18 18:01:55 - [TEST_STEP][PASSED] - navigateToUrl("https://gdasandbox.test-arcadier.com/user/item/detail/gdaagencyfind/59fde34e-4dcb-44b5-bdcd-2bde962c0cb5"): Navigate to 'https://gdasandbox.test-arcadier.com/user/item/detail/gdaagencyfind/59fde34e-4dcb-44b5-bdcd-2bde962c0cb5' successfully

2020-12-18 18:01:57 - [MESSAGE][PASSED] - Navigate to 'https://gdasandbox.test-arcadier.com/user/item/detail/gdaagencyfind/59fde34e-4dcb-44b5-bdcd-2bde962c0cb5' successfully

2020-12-18 18:01:57 - [MESSAGE][PASSED] - Call Test Case 'Test Cases/Custom Procurement Details/UTILITIES/OPEN_BROWSER' successfully

2020-12-18 18:01:57 - [TEST_STEP][PASSED] - callTestCase(findTestCase("Custom Procurement Details/UTILITIES/PROCURE_PAGE"), [:], STOP_ON_FAILURE): Call Test Case 'Test Cases/Custom Procurement Details/UTILITIES/PROCURE_PAGE' successfully

2020-12-18 18:01:57 - [TEST_CASE][PASSED] - Test Cases/Custom Procurement Details/UTILITIES/PROCURE_PAGE: Test Cases/Custom Procurement Details/UTILITIES/PROCURE_PAGE

2020-12-18 18:01:57 - [TEST_STEP][PASSED] - click(findTestObject("Item Details/Page_diagnostics/a_PROCURE_DIRECTLY_FROM_SELLER")): Object: 'Object Repository/Item Details/Page_diagnostics/a_PROCURE_DIRECTLY_FROM_SELLER' is clicked on

2020-12-18 18:01:59 - [MESSAGE][PASSED] - Object: 'Object Repository/Item Details/Page_diagnostics/a_PROCURE_DIRECTLY_FROM_SELLER' is clicked on

2020-12-18 18:01:59 - [MESSAGE][PASSED] - Call Test Case 'Test Cases/Custom Procurement Details/UTILITIES/PROCURE_PAGE' successfully

2020-12-18 18:01:59 - [TEST_STEP][PASSED] - callTestCase(findTestCase("Custom Procurement Details/UTILITIES/CART_PAGE"), [:], STOP_ON_FAILURE): Call Test Case 'Test Cases/Custom Procurement Details/UTILITIES/CART_PAGE' successfully

2020-12-18 18:01:59 - [TEST_CASE][PASSED] - Test Cases/Custom Procurement Details/UTILITIES/CART_PAGE: Test Cases/Custom Procurement Details/UTILITIES/CART_PAGE

2020-12-18 18:01:59 - [TEST_STEP][PASSED] - navigateToUrl("https://gdasandbox.test-arcadier.com/user/order/cart"): Navigate to 'https://gdasandbox.test-arcadier.com/user/order/cart' successfully

2020-12-18 18:02:02 - [MESSAGE][PASSED] - Navigate to 'https://gdasandbox.test-arcadier.com/user/order/cart' successfully

2020-12-18 18:02:02 - [TEST_STEP][PASSED] - click(findTestObject("Checkout Page/Page_diagnostics/a_CHECKOUT")): Object: 'Object Repository/Checkout Page/Page_diagnostics/a_CHECKOUT' is clicked on

2020-12-18 18:02:05 - [MESSAGE][PASSED] - Object: 'Object Repository/Checkout Page/Page_diagnostics/a_CHECKOUT' is clicked on

2020-12-18 18:02:05 - [MESSAGE][PASSED] - Call Test Case 'Test Cases/Custom Procurement Details/UTILITIES/CART_PAGE' successfully

2020-12-18 18:02:05 - [TEST_STEP][PASSED] - verifyElementPresent(findTestObject("Procurement Active1/Page_diagnostics/input_Person-in-charge"), 0): Object 'Object Repository/Procurement Active1/Page_diagnostics/input_Person-in-charge' is present

2020-12-18 18:02:05 - [MESSAGE][WARNING] - Timeout '0' is invalid. Using default page load timeout: '30'

2020-12-18 18:02:07 - [MESSAGE][PASSED] - Object 'Object Repository/Procurement Active1/Page_diagnostics/input_Person-in-charge' is present

2020-12-18 18:02:07 - [TEST_STEP][PASSED] - callTestCase(findTestCase("Custom Procurement Details/UTILITIES/CLOSE_BROWSER"), [:], STOP_ON_FAILURE): Call Test Case 'Test Cases/Custom Procurement Details/UTILITIES/CLOSE_BROWSER' successfully

2020-12-18 18:02:07 - [TEST_CASE][PASSED] - Test Cases/Custom Procurement Details/UTILITIES/CLOSE_BROWSER: Test Cases/Custom Procurement Details/UTILITIES/CLOSE_BROWSER

2020-12-18 18:02:07 - [TEST_STEP][PASSED] - closeBrowser(): Browser is closed

2020-12-18 18:02:08 - [MESSAGE][PASSED] - Browser is closed

2020-12-18 18:02:08 - [MESSAGE][PASSED] - Call Test Case 'Test Cases/Custom Procurement Details/UTILITIES/CLOSE_BROWSER' successfully]]></system-out>
         <system-err><![CDATA[]]></system-err>
      </testcase>
      <testcase name="Test Cases/Custom Procurement Details/TEST CASE/TC_DETAILS_UI_007" time="32.0" classname="Test Cases/Custom Procurement Details/TEST CASE/TC_DETAILS_UI_007" status="PASSED">
         <system-out><![CDATA[2020-12-18 18:02:08 - [TEST_CASE][PASSED] - Test Cases/Custom Procurement Details/TEST CASE/TC_DETAILS_UI_007: Test Cases/Custom Procurement Details/TEST CASE/TC_DETAILS_UI_007

2020-12-18 18:02:08 - [TEST_STEP][PASSED] - callTestCase(findTestCase("Custom Procurement Details/UTILITIES/OPEN_BROWSER"), [:], STOP_ON_FAILURE): Call Test Case 'Test Cases/Custom Procurement Details/UTILITIES/OPEN_BROWSER' successfully

2020-12-18 18:02:08 - [TEST_CASE][PASSED] - Test Cases/Custom Procurement Details/UTILITIES/OPEN_BROWSER: Test Cases/Custom Procurement Details/UTILITIES/OPEN_BROWSER

2020-12-18 18:02:08 - [TEST_STEP][PASSED] - openBrowser("https://gdasandbox.test-arcadier.com/buyer-signin"): Browser is opened with url: 'https://gdasandbox.test-arcadier.com/buyer-signin'

2020-12-18 18:02:08 - [MESSAGE][INFO] - Starting 'Chrome' driver

2020-12-18 18:02:08 - [MESSAGE][INFO] - Action delay is set to 0 milliseconds

2020-12-18 18:02:15 - [MESSAGE][PASSED] - Browser is opened with url: 'https://gdasandbox.test-arcadier.com/buyer-signin'

2020-12-18 18:02:15 - [TEST_STEP][PASSED] - maximizeWindow(): Current window maximized

2020-12-18 18:02:18 - [MESSAGE][PASSED] - Current window maximized

2020-12-18 18:02:18 - [TEST_STEP][PASSED] - callTestCase(findTestCase("Custom Procurement Details/UTILITIES/LOGIN"), [:], STOP_ON_FAILURE): Call Test Case 'Test Cases/Custom Procurement Details/UTILITIES/LOGIN' successfully

2020-12-18 18:02:18 - [TEST_CASE][PASSED] - Test Cases/Custom Procurement Details/UTILITIES/LOGIN: Test Cases/Custom Procurement Details/UTILITIES/LOGIN

2020-12-18 18:02:18 - [TEST_STEP][PASSED] - waitForElementPresent(findTestObject("Login/Page_diagnostics/a_Sign_in_as_Buyer"), 0): Object 'Object Repository/Login/Page_diagnostics/a_Sign_in_as_Buyer' is present

2020-12-18 18:02:18 - [MESSAGE][WARNING] - Timeout '0' is invalid. Using default page load timeout: '30'

2020-12-18 18:02:18 - [MESSAGE][PASSED] - Object 'Object Repository/Login/Page_diagnostics/a_Sign_in_as_Buyer' is present

2020-12-18 18:02:18 - [TEST_STEP][PASSED] - click(findTestObject("Login/Page_diagnostics/a_Sign_in_as_Buyer")): Object: 'Object Repository/Login/Page_diagnostics/a_Sign_in_as_Buyer' is clicked on

2020-12-18 18:02:19 - [MESSAGE][PASSED] - Object: 'Object Repository/Login/Page_diagnostics/a_Sign_in_as_Buyer' is clicked on

2020-12-18 18:02:19 - [TEST_STEP][PASSED] - waitForElementPresent(findTestObject("Login/Page_diagnostics/input_Username"), 0): Object 'Object Repository/Login/Page_diagnostics/input_Username' is present

2020-12-18 18:02:19 - [MESSAGE][WARNING] - Timeout '0' is invalid. Using default page load timeout: '30'

2020-12-18 18:02:19 - [MESSAGE][PASSED] - Object 'Object Repository/Login/Page_diagnostics/input_Username' is present

2020-12-18 18:02:19 - [TEST_STEP][PASSED] - setText(findTestObject("Login/Page_diagnostics/input_Username"), "admin"): Text 'admin' is set on object 'Object Repository/Login/Page_diagnostics/input_Username'

2020-12-18 18:02:20 - [MESSAGE][PASSED] - Text 'admin' is set on object 'Object Repository/Login/Page_diagnostics/input_Username'

2020-12-18 18:02:20 - [TEST_STEP][PASSED] - waitForElementPresent(findTestObject("Login/Page_diagnostics/input_Password"), 0): Object 'Object Repository/Login/Page_diagnostics/input_Password' is present

2020-12-18 18:02:20 - [MESSAGE][WARNING] - Timeout '0' is invalid. Using default page load timeout: '30'

2020-12-18 18:02:21 - [MESSAGE][PASSED] - Object 'Object Repository/Login/Page_diagnostics/input_Password' is present

2020-12-18 18:02:21 - [TEST_STEP][PASSED] - setText(findTestObject("Login/Page_diagnostics/input_Password"), "Diagnostics123!"): Text 'Diagnostics123!' is set on object 'Object Repository/Login/Page_diagnostics/input_Password'

2020-12-18 18:02:21 - [MESSAGE][PASSED] - Text 'Diagnostics123!' is set on object 'Object Repository/Login/Page_diagnostics/input_Password'

2020-12-18 18:02:21 - [TEST_STEP][PASSED] - waitForElementPresent(findTestObject("Login/Page_diagnostics/input_Submit"), 0): Object 'Object Repository/Login/Page_diagnostics/input_Submit' is present

2020-12-18 18:02:21 - [MESSAGE][WARNING] - Timeout '0' is invalid. Using default page load timeout: '30'

2020-12-18 18:02:21 - [MESSAGE][PASSED] - Object 'Object Repository/Login/Page_diagnostics/input_Submit' is present

2020-12-18 18:02:21 - [TEST_STEP][PASSED] - click(findTestObject("Login/Page_diagnostics/input_Submit")): Object: 'Object Repository/Login/Page_diagnostics/input_Submit' is clicked on

2020-12-18 18:02:28 - [MESSAGE][PASSED] - Object: 'Object Repository/Login/Page_diagnostics/input_Submit' is clicked on

2020-12-18 18:02:28 - [MESSAGE][PASSED] - Call Test Case 'Test Cases/Custom Procurement Details/UTILITIES/LOGIN' successfully

2020-12-18 18:02:28 - [TEST_STEP][PASSED] - navigateToUrl("https://gdasandbox.test-arcadier.com/user/item/detail/gdaagencyfind/59fde34e-4dcb-44b5-bdcd-2bde962c0cb5"): Navigate to 'https://gdasandbox.test-arcadier.com/user/item/detail/gdaagencyfind/59fde34e-4dcb-44b5-bdcd-2bde962c0cb5' successfully

2020-12-18 18:02:30 - [MESSAGE][PASSED] - Navigate to 'https://gdasandbox.test-arcadier.com/user/item/detail/gdaagencyfind/59fde34e-4dcb-44b5-bdcd-2bde962c0cb5' successfully

2020-12-18 18:02:30 - [MESSAGE][PASSED] - Call Test Case 'Test Cases/Custom Procurement Details/UTILITIES/OPEN_BROWSER' successfully

2020-12-18 18:02:30 - [TEST_STEP][PASSED] - callTestCase(findTestCase("Custom Procurement Details/UTILITIES/PROCURE_PAGE"), [:], STOP_ON_FAILURE): Call Test Case 'Test Cases/Custom Procurement Details/UTILITIES/PROCURE_PAGE' successfully

2020-12-18 18:02:30 - [TEST_CASE][PASSED] - Test Cases/Custom Procurement Details/UTILITIES/PROCURE_PAGE: Test Cases/Custom Procurement Details/UTILITIES/PROCURE_PAGE

2020-12-18 18:02:30 - [TEST_STEP][PASSED] - click(findTestObject("Item Details/Page_diagnostics/a_PROCURE_DIRECTLY_FROM_SELLER")): Object: 'Object Repository/Item Details/Page_diagnostics/a_PROCURE_DIRECTLY_FROM_SELLER' is clicked on

2020-12-18 18:02:32 - [MESSAGE][PASSED] - Object: 'Object Repository/Item Details/Page_diagnostics/a_PROCURE_DIRECTLY_FROM_SELLER' is clicked on

2020-12-18 18:02:32 - [MESSAGE][PASSED] - Call Test Case 'Test Cases/Custom Procurement Details/UTILITIES/PROCURE_PAGE' successfully

2020-12-18 18:02:32 - [TEST_STEP][PASSED] - callTestCase(findTestCase("Custom Procurement Details/UTILITIES/CART_PAGE"), [:], STOP_ON_FAILURE): Call Test Case 'Test Cases/Custom Procurement Details/UTILITIES/CART_PAGE' successfully

2020-12-18 18:02:32 - [TEST_CASE][PASSED] - Test Cases/Custom Procurement Details/UTILITIES/CART_PAGE: Test Cases/Custom Procurement Details/UTILITIES/CART_PAGE

2020-12-18 18:02:32 - [TEST_STEP][PASSED] - navigateToUrl("https://gdasandbox.test-arcadier.com/user/order/cart"): Navigate to 'https://gdasandbox.test-arcadier.com/user/order/cart' successfully

2020-12-18 18:02:34 - [MESSAGE][PASSED] - Navigate to 'https://gdasandbox.test-arcadier.com/user/order/cart' successfully

2020-12-18 18:02:34 - [TEST_STEP][PASSED] - click(findTestObject("Checkout Page/Page_diagnostics/a_CHECKOUT")): Object: 'Object Repository/Checkout Page/Page_diagnostics/a_CHECKOUT' is clicked on

2020-12-18 18:02:37 - [MESSAGE][PASSED] - Object: 'Object Repository/Checkout Page/Page_diagnostics/a_CHECKOUT' is clicked on

2020-12-18 18:02:37 - [MESSAGE][PASSED] - Call Test Case 'Test Cases/Custom Procurement Details/UTILITIES/CART_PAGE' successfully

2020-12-18 18:02:37 - [TEST_STEP][PASSED] - verifyElementPresent(findTestObject("Procurement Active1/Page_diagnostics/a_NEXT"), 0): Object 'Object Repository/Procurement Active1/Page_diagnostics/a_NEXT' is present

2020-12-18 18:02:37 - [MESSAGE][WARNING] - Timeout '0' is invalid. Using default page load timeout: '30'

2020-12-18 18:02:39 - [MESSAGE][PASSED] - Object 'Object Repository/Procurement Active1/Page_diagnostics/a_NEXT' is present

2020-12-18 18:02:39 - [TEST_STEP][PASSED] - callTestCase(findTestCase("Custom Procurement Details/UTILITIES/CLOSE_BROWSER"), [:], STOP_ON_FAILURE): Call Test Case 'Test Cases/Custom Procurement Details/UTILITIES/CLOSE_BROWSER' successfully

2020-12-18 18:02:39 - [TEST_CASE][PASSED] - Test Cases/Custom Procurement Details/UTILITIES/CLOSE_BROWSER: Test Cases/Custom Procurement Details/UTILITIES/CLOSE_BROWSER

2020-12-18 18:02:39 - [TEST_STEP][PASSED] - closeBrowser(): Browser is closed

2020-12-18 18:02:40 - [MESSAGE][PASSED] - Browser is closed

2020-12-18 18:02:40 - [MESSAGE][PASSED] - Call Test Case 'Test Cases/Custom Procurement Details/UTILITIES/CLOSE_BROWSER' successfully]]></system-out>
         <system-err><![CDATA[]]></system-err>
      </testcase>
      <testcase name="Test Cases/Custom Procurement Details/TEST CASE/TC_DETAILS_UI_008" time="38.539" classname="Test Cases/Custom Procurement Details/TEST CASE/TC_DETAILS_UI_008" status="PASSED">
         <system-out><![CDATA[2020-12-18 18:02:40 - [TEST_CASE][PASSED] - Test Cases/Custom Procurement Details/TEST CASE/TC_DETAILS_UI_008: Test Cases/Custom Procurement Details/TEST CASE/TC_DETAILS_UI_008

2020-12-18 18:02:40 - [TEST_STEP][PASSED] - callTestCase(findTestCase("Custom Procurement Details/UTILITIES/OPEN_BROWSER"), [:], STOP_ON_FAILURE): Call Test Case 'Test Cases/Custom Procurement Details/UTILITIES/OPEN_BROWSER' successfully

2020-12-18 18:02:40 - [TEST_CASE][PASSED] - Test Cases/Custom Procurement Details/UTILITIES/OPEN_BROWSER: Test Cases/Custom Procurement Details/UTILITIES/OPEN_BROWSER

2020-12-18 18:02:40 - [TEST_STEP][PASSED] - openBrowser("https://gdasandbox.test-arcadier.com/buyer-signin"): Browser is opened with url: 'https://gdasandbox.test-arcadier.com/buyer-signin'

2020-12-18 18:02:40 - [MESSAGE][INFO] - Starting 'Chrome' driver

2020-12-18 18:02:40 - [MESSAGE][INFO] - Action delay is set to 0 milliseconds

2020-12-18 18:02:50 - [MESSAGE][PASSED] - Browser is opened with url: 'https://gdasandbox.test-arcadier.com/buyer-signin'

2020-12-18 18:02:50 - [TEST_STEP][PASSED] - maximizeWindow(): Current window maximized

2020-12-18 18:02:52 - [MESSAGE][PASSED] - Current window maximized

2020-12-18 18:02:52 - [TEST_STEP][PASSED] - callTestCase(findTestCase("Custom Procurement Details/UTILITIES/LOGIN"), [:], STOP_ON_FAILURE): Call Test Case 'Test Cases/Custom Procurement Details/UTILITIES/LOGIN' successfully

2020-12-18 18:02:52 - [TEST_CASE][PASSED] - Test Cases/Custom Procurement Details/UTILITIES/LOGIN: Test Cases/Custom Procurement Details/UTILITIES/LOGIN

2020-12-18 18:02:52 - [TEST_STEP][PASSED] - waitForElementPresent(findTestObject("Login/Page_diagnostics/a_Sign_in_as_Buyer"), 0): Object 'Object Repository/Login/Page_diagnostics/a_Sign_in_as_Buyer' is present

2020-12-18 18:02:52 - [MESSAGE][WARNING] - Timeout '0' is invalid. Using default page load timeout: '30'

2020-12-18 18:02:54 - [MESSAGE][PASSED] - Object 'Object Repository/Login/Page_diagnostics/a_Sign_in_as_Buyer' is present

2020-12-18 18:02:54 - [TEST_STEP][PASSED] - click(findTestObject("Login/Page_diagnostics/a_Sign_in_as_Buyer")): Object: 'Object Repository/Login/Page_diagnostics/a_Sign_in_as_Buyer' is clicked on

2020-12-18 18:02:54 - [MESSAGE][PASSED] - Object: 'Object Repository/Login/Page_diagnostics/a_Sign_in_as_Buyer' is clicked on

2020-12-18 18:02:54 - [TEST_STEP][PASSED] - waitForElementPresent(findTestObject("Login/Page_diagnostics/input_Username"), 0): Object 'Object Repository/Login/Page_diagnostics/input_Username' is present

2020-12-18 18:02:54 - [MESSAGE][WARNING] - Timeout '0' is invalid. Using default page load timeout: '30'

2020-12-18 18:02:54 - [MESSAGE][PASSED] - Object 'Object Repository/Login/Page_diagnostics/input_Username' is present

2020-12-18 18:02:54 - [TEST_STEP][PASSED] - setText(findTestObject("Login/Page_diagnostics/input_Username"), "admin"): Text 'admin' is set on object 'Object Repository/Login/Page_diagnostics/input_Username'

2020-12-18 18:02:55 - [MESSAGE][PASSED] - Text 'admin' is set on object 'Object Repository/Login/Page_diagnostics/input_Username'

2020-12-18 18:02:55 - [TEST_STEP][PASSED] - waitForElementPresent(findTestObject("Login/Page_diagnostics/input_Password"), 0): Object 'Object Repository/Login/Page_diagnostics/input_Password' is present

2020-12-18 18:02:55 - [MESSAGE][WARNING] - Timeout '0' is invalid. Using default page load timeout: '30'

2020-12-18 18:02:55 - [MESSAGE][PASSED] - Object 'Object Repository/Login/Page_diagnostics/input_Password' is present

2020-12-18 18:02:55 - [TEST_STEP][PASSED] - setText(findTestObject("Login/Page_diagnostics/input_Password"), "Diagnostics123!"): Text 'Diagnostics123!' is set on object 'Object Repository/Login/Page_diagnostics/input_Password'

2020-12-18 18:02:56 - [MESSAGE][PASSED] - Text 'Diagnostics123!' is set on object 'Object Repository/Login/Page_diagnostics/input_Password'

2020-12-18 18:02:56 - [TEST_STEP][PASSED] - waitForElementPresent(findTestObject("Login/Page_diagnostics/input_Submit"), 0): Object 'Object Repository/Login/Page_diagnostics/input_Submit' is present

2020-12-18 18:02:56 - [MESSAGE][WARNING] - Timeout '0' is invalid. Using default page load timeout: '30'

2020-12-18 18:02:56 - [MESSAGE][PASSED] - Object 'Object Repository/Login/Page_diagnostics/input_Submit' is present

2020-12-18 18:02:56 - [TEST_STEP][PASSED] - click(findTestObject("Login/Page_diagnostics/input_Submit")): Object: 'Object Repository/Login/Page_diagnostics/input_Submit' is clicked on

2020-12-18 18:03:02 - [MESSAGE][PASSED] - Object: 'Object Repository/Login/Page_diagnostics/input_Submit' is clicked on

2020-12-18 18:03:02 - [MESSAGE][PASSED] - Call Test Case 'Test Cases/Custom Procurement Details/UTILITIES/LOGIN' successfully

2020-12-18 18:03:02 - [TEST_STEP][PASSED] - navigateToUrl("https://gdasandbox.test-arcadier.com/user/item/detail/gdaagencyfind/59fde34e-4dcb-44b5-bdcd-2bde962c0cb5"): Navigate to 'https://gdasandbox.test-arcadier.com/user/item/detail/gdaagencyfind/59fde34e-4dcb-44b5-bdcd-2bde962c0cb5' successfully

2020-12-18 18:03:04 - [MESSAGE][PASSED] - Navigate to 'https://gdasandbox.test-arcadier.com/user/item/detail/gdaagencyfind/59fde34e-4dcb-44b5-bdcd-2bde962c0cb5' successfully

2020-12-18 18:03:04 - [MESSAGE][PASSED] - Call Test Case 'Test Cases/Custom Procurement Details/UTILITIES/OPEN_BROWSER' successfully

2020-12-18 18:03:04 - [TEST_STEP][PASSED] - callTestCase(findTestCase("Custom Procurement Details/UTILITIES/PROCURE_PAGE"), [:], STOP_ON_FAILURE): Call Test Case 'Test Cases/Custom Procurement Details/UTILITIES/PROCURE_PAGE' successfully

2020-12-18 18:03:04 - [TEST_CASE][PASSED] - Test Cases/Custom Procurement Details/UTILITIES/PROCURE_PAGE: Test Cases/Custom Procurement Details/UTILITIES/PROCURE_PAGE

2020-12-18 18:03:04 - [TEST_STEP][PASSED] - click(findTestObject("Item Details/Page_diagnostics/a_PROCURE_DIRECTLY_FROM_SELLER")): Object: 'Object Repository/Item Details/Page_diagnostics/a_PROCURE_DIRECTLY_FROM_SELLER' is clicked on

2020-12-18 18:03:06 - [MESSAGE][PASSED] - Object: 'Object Repository/Item Details/Page_diagnostics/a_PROCURE_DIRECTLY_FROM_SELLER' is clicked on

2020-12-18 18:03:06 - [MESSAGE][PASSED] - Call Test Case 'Test Cases/Custom Procurement Details/UTILITIES/PROCURE_PAGE' successfully

2020-12-18 18:03:06 - [TEST_STEP][PASSED] - callTestCase(findTestCase("Custom Procurement Details/UTILITIES/CART_PAGE"), [:], STOP_ON_FAILURE): Call Test Case 'Test Cases/Custom Procurement Details/UTILITIES/CART_PAGE' successfully

2020-12-18 18:03:06 - [TEST_CASE][PASSED] - Test Cases/Custom Procurement Details/UTILITIES/CART_PAGE: Test Cases/Custom Procurement Details/UTILITIES/CART_PAGE

2020-12-18 18:03:07 - [TEST_STEP][PASSED] - navigateToUrl("https://gdasandbox.test-arcadier.com/user/order/cart"): Navigate to 'https://gdasandbox.test-arcadier.com/user/order/cart' successfully

2020-12-18 18:03:08 - [MESSAGE][PASSED] - Navigate to 'https://gdasandbox.test-arcadier.com/user/order/cart' successfully

2020-12-18 18:03:08 - [TEST_STEP][PASSED] - click(findTestObject("Checkout Page/Page_diagnostics/a_CHECKOUT")): Object: 'Object Repository/Checkout Page/Page_diagnostics/a_CHECKOUT' is clicked on

2020-12-18 18:03:12 - [MESSAGE][PASSED] - Object: 'Object Repository/Checkout Page/Page_diagnostics/a_CHECKOUT' is clicked on

2020-12-18 18:03:12 - [MESSAGE][PASSED] - Call Test Case 'Test Cases/Custom Procurement Details/UTILITIES/CART_PAGE' successfully

2020-12-18 18:03:12 - [TEST_STEP][PASSED] - callTestCase(findTestCase("Custom Procurement Details/UTILITIES/FORM_INPUT"), [:], STOP_ON_FAILURE): Call Test Case 'Test Cases/Custom Procurement Details/UTILITIES/FORM_INPUT' successfully

2020-12-18 18:03:12 - [TEST_CASE][PASSED] - Test Cases/Custom Procurement Details/UTILITIES/FORM_INPUT: Test Cases/Custom Procurement Details/UTILITIES/FORM_INPUT

2020-12-18 18:03:12 - [TEST_STEP][PASSED] - setText(findTestObject("Procurement Active1/Page_diagnostics/input_Company_Name"), "Intro Company"): Text 'Intro Company' is set on object 'Object Repository/Procurement Active1/Page_diagnostics/input_Company_Name'

2020-12-18 18:03:14 - [MESSAGE][PASSED] - Text 'Intro Company' is set on object 'Object Repository/Procurement Active1/Page_diagnostics/input_Company_Name'

2020-12-18 18:03:14 - [TEST_STEP][PASSED] - setText(findTestObject("Procurement Active1/Page_diagnostics/input_Person-in-charge"), "Admin"): Text 'Admin' is set on object 'Object Repository/Procurement Active1/Page_diagnostics/input_Person-in-charge'

2020-12-18 18:03:15 - [MESSAGE][PASSED] - Text 'Admin' is set on object 'Object Repository/Procurement Active1/Page_diagnostics/input_Person-in-charge'

2020-12-18 18:03:15 - [TEST_STEP][PASSED] - setText(findTestObject("Procurement Active1/Page_diagnostics/input_Notification_email"), "adminn@test.com"): Text 'adminn@test.com' is set on object 'Object Repository/Procurement Active1/Page_diagnostics/input_Notification_email'

2020-12-18 18:03:15 - [MESSAGE][PASSED] - Text 'adminn@test.com' is set on object 'Object Repository/Procurement Active1/Page_diagnostics/input_Notification_email'

2020-12-18 18:03:15 - [TEST_STEP][PASSED] - setText(findTestObject("Procurement Active1/Page_diagnostics/input_Contact_number"), "1234567890"): Text '1234567890' is set on object 'Object Repository/Procurement Active1/Page_diagnostics/input_Contact_number'

2020-12-18 18:03:16 - [MESSAGE][PASSED] - Text '1234567890' is set on object 'Object Repository/Procurement Active1/Page_diagnostics/input_Contact_number'

2020-12-18 18:03:16 - [TEST_STEP][PASSED] - click(findTestObject("Procurement Active1/Page_diagnostics/label_SELECT ADDRESS")): Object: 'Object Repository/Procurement Active1/Page_diagnostics/label_SELECT ADDRESS' is clicked on

2020-12-18 18:03:16 - [MESSAGE][PASSED] - Object: 'Object Repository/Procurement Active1/Page_diagnostics/label_SELECT ADDRESS' is clicked on

2020-12-18 18:03:16 - [TEST_STEP][PASSED] - click(findTestObject("Item Details/Page_diagnostics/a_Accept Cookies")): Object: 'Object Repository/Item Details/Page_diagnostics/a_Accept Cookies' is clicked on

2020-12-18 18:03:17 - [MESSAGE][PASSED] - Object: 'Object Repository/Item Details/Page_diagnostics/a_Accept Cookies' is clicked on

2020-12-18 18:03:17 - [TEST_STEP][PASSED] - click(findTestObject("Procurement Active1/Page_diagnostics/a_NEXT")): Object: 'Object Repository/Procurement Active1/Page_diagnostics/a_NEXT' is clicked on

2020-12-18 18:03:18 - [MESSAGE][PASSED] - Object: 'Object Repository/Procurement Active1/Page_diagnostics/a_NEXT' is clicked on

2020-12-18 18:03:18 - [MESSAGE][PASSED] - Call Test Case 'Test Cases/Custom Procurement Details/UTILITIES/FORM_INPUT' successfully

2020-12-18 18:03:18 - [TEST_STEP][PASSED] - callTestCase(findTestCase("Custom Procurement Details/UTILITIES/CLOSE_BROWSER"), [:], STOP_ON_FAILURE): Call Test Case 'Test Cases/Custom Procurement Details/UTILITIES/CLOSE_BROWSER' successfully

2020-12-18 18:03:18 - [TEST_CASE][PASSED] - Test Cases/Custom Procurement Details/UTILITIES/CLOSE_BROWSER: Test Cases/Custom Procurement Details/UTILITIES/CLOSE_BROWSER

2020-12-18 18:03:18 - [TEST_STEP][PASSED] - closeBrowser(): Browser is closed

2020-12-18 18:03:18 - [MESSAGE][PASSED] - Browser is closed

2020-12-18 18:03:18 - [MESSAGE][PASSED] - Call Test Case 'Test Cases/Custom Procurement Details/UTILITIES/CLOSE_BROWSER' successfully]]></system-out>
         <system-err><![CDATA[]]></system-err>
      </testcase>
      <testcase name="Test Cases/Custom Procurement Details/TEST CASE/TC_DETAILS_UI_009" time="42.622" classname="Test Cases/Custom Procurement Details/TEST CASE/TC_DETAILS_UI_009" status="PASSED">
         <system-out><![CDATA[2020-12-18 18:03:18 - [TEST_CASE][PASSED] - Test Cases/Custom Procurement Details/TEST CASE/TC_DETAILS_UI_009: Test Cases/Custom Procurement Details/TEST CASE/TC_DETAILS_UI_009

2020-12-18 18:03:19 - [TEST_STEP][PASSED] - callTestCase(findTestCase("Custom Procurement Details/UTILITIES/OPEN_BROWSER"), [:], STOP_ON_FAILURE): Call Test Case 'Test Cases/Custom Procurement Details/UTILITIES/OPEN_BROWSER' successfully

2020-12-18 18:03:19 - [TEST_CASE][PASSED] - Test Cases/Custom Procurement Details/UTILITIES/OPEN_BROWSER: Test Cases/Custom Procurement Details/UTILITIES/OPEN_BROWSER

2020-12-18 18:03:19 - [TEST_STEP][PASSED] - openBrowser("https://gdasandbox.test-arcadier.com/buyer-signin"): Browser is opened with url: 'https://gdasandbox.test-arcadier.com/buyer-signin'

2020-12-18 18:03:19 - [MESSAGE][INFO] - Starting 'Chrome' driver

2020-12-18 18:03:19 - [MESSAGE][INFO] - Action delay is set to 0 milliseconds

2020-12-18 18:03:29 - [MESSAGE][PASSED] - Browser is opened with url: 'https://gdasandbox.test-arcadier.com/buyer-signin'

2020-12-18 18:03:29 - [TEST_STEP][PASSED] - maximizeWindow(): Current window maximized

2020-12-18 18:03:31 - [MESSAGE][PASSED] - Current window maximized

2020-12-18 18:03:31 - [TEST_STEP][PASSED] - callTestCase(findTestCase("Custom Procurement Details/UTILITIES/LOGIN"), [:], STOP_ON_FAILURE): Call Test Case 'Test Cases/Custom Procurement Details/UTILITIES/LOGIN' successfully

2020-12-18 18:03:31 - [TEST_CASE][PASSED] - Test Cases/Custom Procurement Details/UTILITIES/LOGIN: Test Cases/Custom Procurement Details/UTILITIES/LOGIN

2020-12-18 18:03:31 - [TEST_STEP][PASSED] - waitForElementPresent(findTestObject("Login/Page_diagnostics/a_Sign_in_as_Buyer"), 0): Object 'Object Repository/Login/Page_diagnostics/a_Sign_in_as_Buyer' is present

2020-12-18 18:03:31 - [MESSAGE][WARNING] - Timeout '0' is invalid. Using default page load timeout: '30'

2020-12-18 18:03:32 - [MESSAGE][PASSED] - Object 'Object Repository/Login/Page_diagnostics/a_Sign_in_as_Buyer' is present

2020-12-18 18:03:32 - [TEST_STEP][PASSED] - click(findTestObject("Login/Page_diagnostics/a_Sign_in_as_Buyer")): Object: 'Object Repository/Login/Page_diagnostics/a_Sign_in_as_Buyer' is clicked on

2020-12-18 18:03:32 - [MESSAGE][PASSED] - Object: 'Object Repository/Login/Page_diagnostics/a_Sign_in_as_Buyer' is clicked on

2020-12-18 18:03:32 - [TEST_STEP][PASSED] - waitForElementPresent(findTestObject("Login/Page_diagnostics/input_Username"), 0): Object 'Object Repository/Login/Page_diagnostics/input_Username' is present

2020-12-18 18:03:32 - [MESSAGE][WARNING] - Timeout '0' is invalid. Using default page load timeout: '30'

2020-12-18 18:03:33 - [MESSAGE][PASSED] - Object 'Object Repository/Login/Page_diagnostics/input_Username' is present

2020-12-18 18:03:33 - [TEST_STEP][PASSED] - setText(findTestObject("Login/Page_diagnostics/input_Username"), "admin"): Text 'admin' is set on object 'Object Repository/Login/Page_diagnostics/input_Username'

2020-12-18 18:03:34 - [MESSAGE][PASSED] - Text 'admin' is set on object 'Object Repository/Login/Page_diagnostics/input_Username'

2020-12-18 18:03:34 - [TEST_STEP][PASSED] - waitForElementPresent(findTestObject("Login/Page_diagnostics/input_Password"), 0): Object 'Object Repository/Login/Page_diagnostics/input_Password' is present

2020-12-18 18:03:34 - [MESSAGE][WARNING] - Timeout '0' is invalid. Using default page load timeout: '30'

2020-12-18 18:03:34 - [MESSAGE][PASSED] - Object 'Object Repository/Login/Page_diagnostics/input_Password' is present

[...]

2020-12-18 18:13:40 - [MESSAGE][PASSED] - Object: 'Object Repository/Procurement Active1/Page_diagnostics/a_NEXT' is clicked on

2020-12-18 18:13:40 - [MESSAGE][PASSED] - Call Test Case 'Test Cases/Custom Procurement Details/UTILITIES/FORM_INPUT' successfully

2020-12-18 18:13:40 - [TEST_STEP][PASSED] - verifyElementPresent(findTestObject("Procurement Active 2/Page_diagnostics/a_PROCEED_TO_PAYMENT"), 0): Object 'Object Repository/Procurement Active 2/Page_diagnostics/a_PROCEED_TO_PAYMENT' is present

2020-12-18 18:13:40 - [MESSAGE][WARNING] - Timeout '0' is invalid. Using default page load timeout: '30'

2020-12-18 18:13:43 - [MESSAGE][PASSED] - Object 'Object Repository/Procurement Active 2/Page_diagnostics/a_PROCEED_TO_PAYMENT' is present

2020-12-18 18:13:43 - [TEST_STEP][PASSED] - callTestCase(findTestCase("Custom Procurement Details/UTILITIES/CLOSE_BROWSER"), [:], STOP_ON_FAILURE): Call Test Case 'Test Cases/Custom Procurement Details/UTILITIES/CLOSE_BROWSER' successfully

2020-12-18 18:13:43 - [TEST_CASE][PASSED] - Test Cases/Custom Procurement Details/UTILITIES/CLOSE_BROWSER: Test Cases/Custom Procurement Details/UTILITIES/CLOSE_BROWSER

2020-12-18 18:13:43 - [TEST_STEP][PASSED] - closeBrowser(): Browser is closed

2020-12-18 18:13:44 - [MESSAGE][PASSED] - Browser is closed

2020-12-18 18:13:44 - [MESSAGE][PASSED] - Call Test Case 'Test Cases/Custom Procurement Details/UTILITIES/CLOSE_BROWSER' successfully]]></system-out>
         <system-err><![CDATA[]]></system-err>
      </testcase>
      <testcase name="Test Cases/Custom Procurement Details/TEST CASE/TC_DETAILS_UI_023" time="42.793" classname="Test Cases/Custom Procurement Details/TEST CASE/TC_DETAILS_UI_023" status="PASSED">
         <system-out><![CDATA[2020-12-18 18:13:44 - [TEST_CASE][PASSED] - Test Cases/Custom Procurement Details/TEST CASE/TC_DETAILS_UI_023: Test Cases/Custom Procurement Details/TEST CASE/TC_DETAILS_UI_023

2020-12-18 18:13:44 - [TEST_STEP][PASSED] - callTestCase(findTestCase("Custom Procurement Details/UTILITIES/OPEN_BROWSER"), [:], STOP_ON_FAILURE): Call Test Case 'Test Cases/Custom Procurement Details/UTILITIES/OPEN_BROWSER' successfully

2020-12-18 18:13:44 - [TEST_CASE][PASSED] - Test Cases/Custom Procurement Details/UTILITIES/OPEN_BROWSER: Test Cases/Custom Procurement Details/UTILITIES/OPEN_BROWSER

2020-12-18 18:13:44 - [TEST_STEP][PASSED] - openBrowser("https://gdasandbox.test-arcadier.com/buyer-signin"): Browser is opened with url: 'https://gdasandbox.test-arcadier.com/buyer-signin'

2020-12-18 18:13:44 - [MESSAGE][INFO] - Starting 'Chrome' driver

2020-12-18 18:13:44 - [MESSAGE][INFO] - Action delay is set to 0 milliseconds

2020-12-18 18:13:55 - [MESSAGE][PASSED] - Browser is opened with url: 'https://gdasandbox.test-arcadier.com/buyer-signin'

2020-12-18 18:13:55 - [TEST_STEP][PASSED] - maximizeWindow(): Current window maximized

2020-12-18 18:13:57 - [MESSAGE][PASSED] - Current window maximized

2020-12-18 18:13:57 - [TEST_STEP][PASSED] - callTestCase(findTestCase("Custom Procurement Details/UTILITIES/LOGIN"), [:], STOP_ON_FAILURE): Call Test Case 'Test Cases/Custom Procurement Details/UTILITIES/LOGIN' successfully

2020-12-18 18:13:57 - [TEST_CASE][PASSED] - Test Cases/Custom Procurement Details/UTILITIES/LOGIN: Test Cases/Custom Procurement Details/UTILITIES/LOGIN

2020-12-18 18:13:57 - [TEST_STEP][PASSED] - waitForElementPresent(findTestObject("Login/Page_diagnostics/a_Sign_in_as_Buyer"), 0): Object 'Object Repository/Login/Page_diagnostics/a_Sign_in_as_Buyer' is present

2020-12-18 18:13:57 - [MESSAGE][WARNING] - Timeout '0' is invalid. Using default page load timeout: '30'

2020-12-18 18:13:57 - [MESSAGE][PASSED] - Object 'Object Repository/Login/Page_diagnostics/a_Sign_in_as_Buyer' is present

2020-12-18 18:13:57 - [TEST_STEP][PASSED] - click(findTestObject("Login/Page_diagnostics/a_Sign_in_as_Buyer")): Object: 'Object Repository/Login/Page_diagnostics/a_Sign_in_as_Buyer' is clicked on

2020-12-18 18:13:58 - [MESSAGE][PASSED] - Object: 'Object Repository/Login/Page_diagnostics/a_Sign_in_as_Buyer' is clicked on

2020-12-18 18:13:58 - [TEST_STEP][PASSED] - waitForElementPresent(findTestObject("Login/Page_diagnostics/input_Username"), 0): Object 'Object Repository/Login/Page_diagnostics/input_Username' is present

2020-12-18 18:13:58 - [MESSAGE][WARNING] - Timeout '0' is invalid. Using default page load timeout: '30'

2020-12-18 18:13:59 - [MESSAGE][PASSED] - Object 'Object Repository/Login/Page_diagnostics/input_Username' is present

2020-12-18 18:13:59 - [TEST_STEP][PASSED] - setText(findTestObject("Login/Page_diagnostics/input_Username"), "admin"): Text 'admin' is set on object 'Object Repository/Login/Page_diagnostics/input_Username'

2020-12-18 18:14:00 - [MESSAGE][PASSED] - Text 'admin' is set on object 'Object Repository/Login/Page_diagnostics/input_Username'

2020-12-18 18:14:00 - [TEST_STEP][PASSED] - waitForElementPresent(findTestObject("Login/Page_diagnostics/input_Password"), 0): Object 'Object Repository/Login/Page_diagnostics/input_Password' is present

2020-12-18 18:14:00 - [MESSAGE][WARNING] - Timeout '0' is invalid. Using default page load timeout: '30'

2020-12-18 18:14:00 - [MESSAGE][PASSED] - Object 'Object Repository/Login/Page_diagnostics/input_Password' is present

2020-12-18 18:14:00 - [TEST_STEP][PASSED] - setText(findTestObject("Login/Page_diagnostics/input_Password"), "Diagnostics123!"): Text 'Diagnostics123!' is set on object 'Object Repository/Login/Page_diagnostics/input_Password'

2020-12-18 18:14:00 - [MESSAGE][PASSED] - Text 'Diagnostics123!' is set on object 'Object Repository/Login/Page_diagnostics/input_Password'

2020-12-18 18:14:00 - [TEST_STEP][PASSED] - waitForElementPresent(findTestObject("Login/Page_diagnostics/input_Submit"), 0): Object 'Object Repository/Login/Page_diagnostics/input_Submit' is present

2020-12-18 18:14:00 - [MESSAGE][WARNING] - Timeout '0' is invalid. Using default page load timeout: '30'

2020-12-18 18:14:01 - [MESSAGE][PASSED] - Object 'Object Repository/Login/Page_diagnostics/input_Submit' is present

2020-12-18 18:14:01 - [TEST_STEP][PASSED] - click(findTestObject("Login/Page_diagnostics/input_Submit")): Object: 'Object Repository/Login/Page_diagnostics/input_Submit' is clicked on

2020-12-18 18:14:08 - [MESSAGE][PASSED] - Object: 'Object Repository/Login/Page_diagnostics/input_Submit' is clicked on

2020-12-18 18:14:08 - [MESSAGE][PASSED] - Call Test Case 'Test Cases/Custom Procurement Details/UTILITIES/LOGIN' successfully

2020-12-18 18:14:08 - [TEST_STEP][PASSED] - navigateToUrl("https://gdasandbox.test-arcadier.com/user/item/detail/gdaagencyfind/59fde34e-4dcb-44b5-bdcd-2bde962c0cb5"): Navigate to 'https://gdasandbox.test-arcadier.com/user/item/detail/gdaagencyfind/59fde34e-4dcb-44b5-bdcd-2bde962c0cb5' successfully

2020-12-18 18:14:09 - [MESSAGE][PASSED] - Navigate to 'https://gdasandbox.test-arcadier.com/user/item/detail/gdaagencyfind/59fde34e-4dcb-44b5-bdcd-2bde962c0cb5' successfully

2020-12-18 18:14:09 - [MESSAGE][PASSED] - Call Test Case 'Test Cases/Custom Procurement Details/UTILITIES/OPEN_BROWSER' successfully

2020-12-18 18:14:09 - [TEST_STEP][PASSED] - callTestCase(findTestCase("Custom Procurement Details/UTILITIES/PROCURE_PAGE"), [:], STOP_ON_FAILURE): Call Test Case 'Test Cases/Custom Procurement Details/UTILITIES/PROCURE_PAGE' successfully

2020-12-18 18:14:09 - [TEST_CASE][PASSED] - Test Cases/Custom Procurement Details/UTILITIES/PROCURE_PAGE: Test Cases/Custom Procurement Details/UTILITIES/PROCURE_PAGE

2020-12-18 18:14:09 - [TEST_STEP][PASSED] - click(findTestObject("Item Details/Page_diagnostics/a_PROCURE_DIRECTLY_FROM_SELLER")): Object: 'Object Repository/Item Details/Page_diagnostics/a_PROCURE_DIRECTLY_FROM_SELLER' is clicked on

2020-12-18 18:14:11 - [MESSAGE][PASSED] - Object: 'Object Repository/Item Details/Page_diagnostics/a_PROCURE_DIRECTLY_FROM_SELLER' is clicked on

2020-12-18 18:14:11 - [MESSAGE][PASSED] - Call Test Case 'Test Cases/Custom Procurement Details/UTILITIES/PROCURE_PAGE' successfully

2020-12-18 18:14:11 - [TEST_STEP][PASSED] - callTestCase(findTestCase("Custom Procurement Details/UTILITIES/CART_PAGE"), [:], STOP_ON_FAILURE): Call Test Case 'Test Cases/Custom Procurement Details/UTILITIES/CART_PAGE' successfully

2020-12-18 18:14:11 - [TEST_CASE][PASSED] - Test Cases/Custom Procurement Details/UTILITIES/CART_PAGE: Test Cases/Custom Procurement Details/UTILITIES/CART_PAGE

2020-12-18 18:14:11 - [TEST_STEP][PASSED] - navigateToUrl("https://gdasandbox.test-arcadier.com/user/order/cart"): Navigate to 'https://gdasandbox.test-arcadier.com/user/order/cart' successfully

2020-12-18 18:14:13 - [MESSAGE][PASSED] - Navigate to 'https://gdasandbox.test-arcadier.com/user/order/cart' successfully

2020-12-18 18:14:13 - [TEST_STEP][PASSED] - click(findTestObject("Checkout Page/Page_diagnostics/a_CHECKOUT")): Object: 'Object Repository/Checkout Page/Page_diagnostics/a_CHECKOUT' is clicked on

2020-12-18 18:14:17 - [MESSAGE][PASSED] - Object: 'Object Repository/Checkout Page/Page_diagnostics/a_CHECKOUT' is clicked on

2020-12-18 18:14:17 - [MESSAGE][PASSED] - Call Test Case 'Test Cases/Custom Procurement Details/UTILITIES/CART_PAGE' successfully

2020-12-18 18:14:17 - [TEST_STEP][PASSED] - callTestCase(findTestCase("Custom Procurement Details/UTILITIES/FORM_INPUT"), [:], STOP_ON_FAILURE): Call Test Case 'Test Cases/Custom Procurement Details/UTILITIES/FORM_INPUT' successfully

2020-12-18 18:14:17 - [TEST_CASE][PASSED] - Test Cases/Custom Procurement Details/UTILITIES/FORM_INPUT: Test Cases/Custom Procurement Details/UTILITIES/FORM_INPUT

2020-12-18 18:14:17 - [TEST_STEP][PASSED] - setText(findTestObject("Procurement Active1/Page_diagnostics/input_Company_Name"), "Intro Company"): Text 'Intro Company' is set on object 'Object Repository/Procurement Active1/Page_diagnostics/input_Company_Name'

2020-12-18 18:14:19 - [MESSAGE][PASSED] - Text 'Intro Company' is set on object 'Object Repository/Procurement Active1/Page_diagnostics/input_Company_Name'

2020-12-18 18:14:19 - [TEST_STEP][PASSED] - setText(findTestObject("Procurement Active1/Page_diagnostics/input_Person-in-charge"), "Admin"): Text 'Admin' is set on object 'Object Repository/Procurement Active1/Page_diagnostics/input_Person-in-charge'

2020-12-18 18:14:20 - [MESSAGE][PASSED] - Text 'Admin' is set on object 'Object Repository/Procurement Active1/Page_diagnostics/input_Person-in-charge'

2020-12-18 18:14:20 - [TEST_STEP][PASSED] - setText(findTestObject("Procurement Active1/Page_diagnostics/input_Notification_email"), "adminn@test.com"): Text 'adminn@test.com' is set on object 'Object Repository/Procurement Active1/Page_diagnostics/input_Notification_email'

2020-12-18 18:14:20 - [MESSAGE][PASSED] - Text 'adminn@test.com' is set on object 'Object Repository/Procurement Active1/Page_diagnostics/input_Notification_email'

2020-12-18 18:14:20 - [TEST_STEP][PASSED] - setText(findTestObject("Procurement Active1/Page_diagnostics/input_Contact_number"), "1234567890"): Text '1234567890' is set on object 'Object Repository/Procurement Active1/Page_diagnostics/input_Contact_number'

2020-12-18 18:14:21 - [MESSAGE][PASSED] - Text '1234567890' is set on object 'Object Repository/Procurement Active1/Page_diagnostics/input_Contact_number'

2020-12-18 18:14:21 - [TEST_STEP][PASSED] - click(findTestObject("Procurement Active1/Page_diagnostics/label_SELECT ADDRESS")): Object: 'Object Repository/Procurement Active1/Page_diagnostics/label_SELECT ADDRESS' is clicked on

2020-12-18 18:14:21 - [MESSAGE][PASSED] - Object: 'Object Repository/Procurement Active1/Page_diagnostics/label_SELECT ADDRESS' is clicked on

2020-12-18 18:14:21 - [TEST_STEP][PASSED] - click(findTestObject("Item Details/Page_diagnostics/a_Accept Cookies")): Object: 'Object Repository/Item Details/Page_diagnostics/a_Accept Cookies' is clicked on

2020-12-18 18:14:22 - [MESSAGE][PASSED] - Object: 'Object Repository/Item Details/Page_diagnostics/a_Accept Cookies' is clicked on

2020-12-18 18:14:22 - [TEST_STEP][PASSED] - click(findTestObject("Procurement Active1/Page_diagnostics/a_NEXT")): Object: 'Object Repository/Procurement Active1/Page_diagnostics/a_NEXT' is clicked on

2020-12-18 18:14:23 - [MESSAGE][PASSED] - Object: 'Object Repository/Procurement Active1/Page_diagnostics/a_NEXT' is clicked on

2020-12-18 18:14:23 - [MESSAGE][PASSED] - Call Test Case 'Test Cases/Custom Procurement Details/UTILITIES/FORM_INPUT' successfully

2020-12-18 18:14:23 - [TEST_STEP][PASSED] - verifyElementPresent(findTestObject("Procurement Active 2/Page_diagnostics/a_BACK"), 0): Object 'Object Repository/Procurement Active 2/Page_diagnostics/a_BACK' is present

2020-12-18 18:14:23 - [MESSAGE][WARNING] - Timeout '0' is invalid. Using default page load timeout: '30'

2020-12-18 18:14:26 - [MESSAGE][PASSED] - Object 'Object Repository/Procurement Active 2/Page_diagnostics/a_BACK' is present

2020-12-18 18:14:26 - [TEST_STEP][PASSED] - callTestCase(findTestCase("Custom Procurement Details/UTILITIES/CLOSE_BROWSER"), [:], STOP_ON_FAILURE): Call Test Case 'Test Cases/Custom Procurement Details/UTILITIES/CLOSE_BROWSER' successfully

2020-12-18 18:14:26 - [TEST_CASE][PASSED] - Test Cases/Custom Procurement Details/UTILITIES/CLOSE_BROWSER: Test Cases/Custom Procurement Details/UTILITIES/CLOSE_BROWSER

2020-12-18 18:14:26 - [TEST_STEP][PASSED] - closeBrowser(): Browser is closed

2020-12-18 18:14:27 - [MESSAGE][PASSED] - Browser is closed

2020-12-18 18:14:27 - [MESSAGE][PASSED] - Call Test Case 'Test Cases/Custom Procurement Details/UTILITIES/CLOSE_BROWSER' successfully]]></system-out>
         <system-err><![CDATA[]]></system-err>
      </testcase>
      <system-out><![CDATA[2020-12-18 17:58:24 - [TEST_SUITE][FAILED] - Item detail test: Test Cases/Custom Procurement Details/TEST CASE/TC_DETAILS_UI_014 FAILED.
Reason:
com.kms.katalon.core.exception.StepFailedException: Unable to verify object 'Object Repository/Procurement Active 2/Page_diagnostics/h4_Price' is present
	at com.kms.katalon.core.webui.keyword.internal.WebUIKeywordMain.stepFailed(WebUIKeywordMain.groovy:64)
	at com.kms.katalon.core.webui.keyword.internal.WebUIKeywordMain.runKeyword(WebUIKeywordMain.groovy:26)
	at com.kms.katalon.core.webui.keyword.builtin.VerifyElementPresentKeyword.verifyElementPresent(VerifyElementPresentKeyword.groovy:92)
	at com.kms.katalon.core.webui.keyword.builtin.VerifyElementPresentKeyword.execute(VerifyElementPresentKeyword.groovy:68)
	at com.kms.katalon.core.keyword.internal.KeywordExecutor.executeKeywordForPlatform(KeywordExecutor.groovy:73)
	at com.kms.katalon.core.webui.keyword.WebUiBuiltInKeywords.verifyElementPresent(WebUiBuiltInKeywords.groovy:1461)
	at com.kms.katalon.core.webui.keyword.WebUiBuiltInKeywords$verifyElementPresent$5.call(Unknown Source)
	at TC_DETAILS_UI_014.run(TC_DETAILS_UI_014:26)
	at com.kms.katalon.core.main.ScriptEngine.run(ScriptEngine.java:194)
	at com.kms.katalon.core.main.ScriptEngine.runScriptAsRawText(ScriptEngine.java:119)
	at com.kms.katalon.core.main.TestCaseExecutor.runScript(TestCaseExecutor.java:339)
	at com.kms.katalon.core.main.TestCaseExecutor.doExecute(TestCaseExecutor.java:330)
	at com.kms.katalon.core.main.TestCaseExecutor.processExecutionPhase(TestCaseExecutor.java:309)
	at com.kms.katalon.core.main.TestCaseExecutor.accessMainPhase(TestCaseExecutor.java:301)
	at com.kms.katalon.core.main.TestCaseExecutor.execute(TestCaseExecutor.java:235)
	at com.kms.katalon.core.main.TestSuiteExecutor.accessTestCaseMainPhase(TestSuiteExecutor.java:191)
	at com.kms.katalon.core.main.TestSuiteExecutor.accessTestSuiteMainPhase(TestSuiteExecutor.java:141)
	at com.kms.katalon.core.main.TestSuiteExecutor.execute(TestSuiteExecutor.java:90)
	at com.kms.katalon.core.main.TestCaseMain.startTestSuite(TestCaseMain.java:157)
	at com.kms.katalon.core.main.TestCaseMain$startTestSuite$0.call(Unknown Source)
	at TempTestSuite1608285493004.run(TempTestSuite1608285493004.groovy:39)
Caused by: com.kms.katalon.core.exception.StepFailedException: com.kms.katalon.core.webui.exception.WebElementNotFoundException: Web element with id: 'Object Repository/Procurement Active 2/Page_diagnostics/h4_Price' located by '(.//*[normalize-space(text()) and normalize-space(.)='QTY: 1'])[1]/following::h4[1]' not found
	at com.kms.katalon.core.webui.keyword.internal.WebUIKeywordMain.stepFailed(WebUIKeywordMain.groovy:64)
	at com.kms.katalon.core.webui.keyword.builtin.VerifyElementPresentKeyword$_verifyElementPresent_closure1.doCall(VerifyElementPresentKeyword.groovy:85)
	at com.kms.katalon.core.webui.keyword.builtin.VerifyElementPresentKeyword$_verifyElementPresent_closure1.call(VerifyElementPresentKeyword.groovy)
	at com.kms.katalon.core.webui.keyword.internal.WebUIKeywordMain.runKeyword(WebUIKeywordMain.groovy:20)
	... 19 more]]></system-out>
      <system-err><![CDATA[2020-12-18 17:58:24 - [TEST_SUITE][FAILED] - Item detail test: Test Cases/Custom Procurement Details/TEST CASE/TC_DETAILS_UI_014 FAILED.
Reason:
com.kms.katalon.core.exception.StepFailedException: Unable to verify object 'Object Repository/Procurement Active 2/Page_diagnostics/h4_Price' is present
	at com.kms.katalon.core.webui.keyword.internal.WebUIKeywordMain.stepFailed(WebUIKeywordMain.groovy:64)
	at com.kms.katalon.core.webui.keyword.internal.WebUIKeywordMain.runKeyword(WebUIKeywordMain.groovy:26)
	at com.kms.katalon.core.webui.keyword.builtin.VerifyElementPresentKeyword.verifyElementPresent(VerifyElementPresentKeyword.groovy:92)
	at com.kms.katalon.core.webui.keyword.builtin.VerifyElementPresentKeyword.execute(VerifyElementPresentKeyword.groovy:68)
	at com.kms.katalon.core.keyword.internal.KeywordExecutor.executeKeywordForPlatform(KeywordExecutor.groovy:73)
	at com.kms.katalon.core.webui.keyword.WebUiBuiltInKeywords.verifyElementPresent(WebUiBuiltInKeywords.groovy:1461)
	at com.kms.katalon.core.webui.keyword.WebUiBuiltInKeywords$verifyElementPresent$5.call(Unknown Source)
	at TC_DETAILS_UI_014.run(TC_DETAILS_UI_014:26)
	at com.kms.katalon.core.main.ScriptEngine.run(ScriptEngine.java:194)
	at com.kms.katalon.core.main.ScriptEngine.runScriptAsRawText(ScriptEngine.java:119)
	at com.kms.katalon.core.main.TestCaseExecutor.runScript(TestCaseExecutor.java:339)
	at com.kms.katalon.core.main.TestCaseExecutor.doExecute(TestCaseExecutor.java:330)
	at com.kms.katalon.core.main.TestCaseExecutor.processExecutionPhase(TestCaseExecutor.java:309)
	at com.kms.katalon.core.main.TestCaseExecutor.accessMainPhase(TestCaseExecutor.java:301)
	at com.kms.katalon.core.main.TestCaseExecutor.execute(TestCaseExecutor.java:235)
	at com.kms.katalon.core.main.TestSuiteExecutor.accessTestCaseMainPhase(TestSuiteExecutor.java:191)
	at com.kms.katalon.core.main.TestSuiteExecutor.accessTestSuiteMainPhase(TestSuiteExecutor.java:141)
	at com.kms.katalon.core.main.TestSuiteExecutor.execute(TestSuiteExecutor.java:90)
	at com.kms.katalon.core.main.TestCaseMain.startTestSuite(TestCaseMain.java:157)
	at com.kms.katalon.core.main.TestCaseMain$startTestSuite$0.call(Unknown Source)
	at TempTestSuite1608285493004.run(TempTestSuite1608285493004.groovy:39)
Caused by: com.kms.katalon.core.exception.StepFailedException: com.kms.katalon.core.webui.exception.WebElementNotFoundException: Web element with id: 'Object Repository/Procurement Active 2/Page_diagnostics/h4_Price' located by '(.//*[normalize-space(text()) and normalize-space(.)='QTY: 1'])[1]/following::h4[1]' not found
	at com.kms.katalon.core.webui.keyword.internal.WebUIKeywordMain.stepFailed(WebUIKeywordMain.groovy:64)
	at com.kms.katalon.core.webui.keyword.builtin.VerifyElementPresentKeyword$_verifyElementPresent_closure1.doCall(VerifyElementPresentKeyword.groovy:85)
	at com.kms.katalon.core.webui.keyword.builtin.VerifyElementPresentKeyword$_verifyElementPresent_closure1.call(VerifyElementPresentKeyword.groovy)
	at com.kms.katalon.core.webui.keyword.internal.WebUIKeywordMain.runKeyword(WebUIKeywordMain.groovy:20)
	... 19 more]]></system-err>
   </testsuite>
</testsuites>
